{"/home/travis/build/npmtest/node-npmtest-node-neo4j/test.js":{"path":"/home/travis/build/npmtest/node-npmtest-node-neo4j/test.js","s":{"1":2,"2":2,"3":2,"4":2,"5":2,"6":2,"7":2,"8":1,"9":2,"10":2,"11":1,"12":1,"13":1,"14":1,"15":2,"16":2,"17":2,"18":2,"19":1,"20":1,"21":2,"22":2,"23":2,"24":1,"25":1,"26":1,"27":1,"28":1,"29":1,"30":1,"31":1,"32":1,"33":1,"34":1,"35":1,"36":1,"37":1,"38":1,"39":2,"40":2,"41":1,"42":2,"43":2,"44":1,"45":2,"46":2,"47":1,"48":2,"49":2,"50":1,"51":1,"52":1,"53":1,"54":1},"b":{"1":[2,1,1,1],"2":[1,1,1,1],"3":[1,1],"4":[1,1],"5":[1,1],"6":[1,1],"7":[1,1],"8":[1,1],"9":[1,1],"10":[1,1,1],"11":[1,1],"12":[1,1],"13":[1,1],"14":[1,1],"15":[1,1],"16":[1,1],"17":[1,1]},"f":{"1":2,"2":2,"3":2,"4":2,"5":2,"6":1,"7":1,"8":1,"9":2,"10":2,"11":2,"12":2,"13":1},"fnMap":{"1":{"name":"(anonymous_1)","line":12,"loc":{"start":{"line":12,"column":1},"end":{"line":12,"column":13}}},"2":{"name":"(anonymous_2)","line":19,"loc":{"start":{"line":19,"column":5},"end":{"line":19,"column":17}}},"3":{"name":"(anonymous_3)","line":23,"loc":{"start":{"line":23,"column":24},"end":{"line":23,"column":36}}},"4":{"name":"(anonymous_4)","line":61,"loc":{"start":{"line":61,"column":5},"end":{"line":61,"column":17}}},"5":{"name":"(anonymous_5)","line":82,"loc":{"start":{"line":82,"column":5},"end":{"line":82,"column":17}}},"6":{"name":"(anonymous_6)","line":91,"loc":{"start":{"line":91,"column":77},"end":{"line":94,"column":10}}},"7":{"name":"(anonymous_7)","line":112,"loc":{"start":{"line":112,"column":83},"end":{"line":115,"column":10}},"skip":true},"8":{"name":"(anonymous_8)","line":123,"loc":{"start":{"line":123,"column":77},"end":{"line":126,"column":10}},"skip":true},"9":{"name":"(anonymous_9)","line":139,"loc":{"start":{"line":139,"column":12},"end":{"line":139,"column":40}},"skip":true},"10":{"name":"(anonymous_10)","line":147,"loc":{"start":{"line":147,"column":77},"end":{"line":150,"column":10}},"skip":true},"11":{"name":"(anonymous_11)","line":158,"loc":{"start":{"line":158,"column":83},"end":{"line":161,"column":10}},"skip":true},"12":{"name":"(anonymous_12)","line":169,"loc":{"start":{"line":169,"column":79},"end":{"line":172,"column":10}},"skip":true},"13":{"name":"(anonymous_13)","line":180,"loc":{"start":{"line":180,"column":75},"end":{"line":183,"column":10}},"skip":true}},"statementMap":{"1":{"start":{"line":12,"column":0},"end":{"line":195,"column":5}},"2":{"start":{"line":14,"column":4},"end":{"line":14,"column":14}},"3":{"start":{"line":19,"column":4},"end":{"line":56,"column":9}},"4":{"start":{"line":21,"column":8},"end":{"line":21,"column":19}},"5":{"start":{"line":23,"column":8},"end":{"line":35,"column":13}},"6":{"start":{"line":24,"column":12},"end":{"line":34,"column":13}},"7":{"start":{"line":25,"column":16},"end":{"line":28,"column":30}},"8":{"start":{"line":30,"column":16},"end":{"line":33,"column":27}},"9":{"start":{"line":37,"column":8},"end":{"line":39,"column":21}},"10":{"start":{"line":40,"column":8},"end":{"line":53,"column":9}},"11":{"start":{"line":43,"column":12},"end":{"line":46,"column":14}},"12":{"start":{"line":47,"column":12},"end":{"line":47,"column":18}},"13":{"start":{"line":50,"column":12},"end":{"line":51,"column":46}},"14":{"start":{"line":52,"column":12},"end":{"line":52,"column":18}},"15":{"start":{"line":55,"column":8},"end":{"line":55,"column":35}},"16":{"start":{"line":61,"column":4},"end":{"line":63,"column":9}},"17":{"start":{"line":62,"column":8},"end":{"line":62,"column":15}},"18":{"start":{"line":64,"column":4},"end":{"line":77,"column":5}},"19":{"start":{"line":70,"column":8},"end":{"line":70,"column":14}},"20":{"start":{"line":76,"column":8},"end":{"line":76,"column":14}},"21":{"start":{"line":82,"column":4},"end":{"line":84,"column":9}},"22":{"start":{"line":83,"column":8},"end":{"line":83,"column":15}},"23":{"start":{"line":85,"column":4},"end":{"line":194,"column":5}},"24":{"start":{"line":91,"column":8},"end":{"line":99,"column":10}},"25":{"start":{"line":98,"column":12},"end":{"line":98,"column":35}},"26":{"start":{"line":102,"column":8},"end":{"line":104,"column":63}},"27":{"start":{"line":105,"column":8},"end":{"line":105,"column":14}},"28":{"start":{"line":112,"column":8},"end":{"line":121,"column":10},"skip":true},"29":{"start":{"line":119,"column":12},"end":{"line":119,"column":55},"skip":true},"30":{"start":{"line":120,"column":12},"end":{"line":120,"column":48},"skip":true},"31":{"start":{"line":123,"column":8},"end":{"line":136,"column":10},"skip":true},"32":{"start":{"line":130,"column":12},"end":{"line":130,"column":76},"skip":true},"33":{"start":{"line":131,"column":12},"end":{"line":131,"column":73},"skip":true},"34":{"start":{"line":132,"column":12},"end":{"line":132,"column":74},"skip":true},"35":{"start":{"line":133,"column":12},"end":{"line":133,"column":79},"skip":true},"36":{"start":{"line":134,"column":12},"end":{"line":134,"column":25},"skip":true},"37":{"start":{"line":135,"column":12},"end":{"line":135,"column":45},"skip":true},"38":{"start":{"line":138,"column":8},"end":{"line":145,"column":14},"skip":true},"39":{"start":{"line":143,"column":16},"end":{"line":143,"column":29},"skip":true},"40":{"start":{"line":144,"column":16},"end":{"line":144,"column":55},"skip":true},"41":{"start":{"line":147,"column":8},"end":{"line":156,"column":10},"skip":true},"42":{"start":{"line":154,"column":12},"end":{"line":154,"column":25},"skip":true},"43":{"start":{"line":155,"column":12},"end":{"line":155,"column":45},"skip":true},"44":{"start":{"line":158,"column":8},"end":{"line":167,"column":10},"skip":true},"45":{"start":{"line":165,"column":12},"end":{"line":165,"column":25},"skip":true},"46":{"start":{"line":166,"column":12},"end":{"line":166,"column":48},"skip":true},"47":{"start":{"line":169,"column":8},"end":{"line":178,"column":10},"skip":true},"48":{"start":{"line":176,"column":12},"end":{"line":176,"column":25},"skip":true},"49":{"start":{"line":177,"column":12},"end":{"line":177,"column":46},"skip":true},"50":{"start":{"line":180,"column":8},"end":{"line":189,"column":10},"skip":true},"51":{"start":{"line":187,"column":12},"end":{"line":187,"column":94},"skip":true},"52":{"start":{"line":188,"column":12},"end":{"line":188,"column":48},"skip":true},"53":{"start":{"line":192,"column":8},"end":{"line":192,"column":35},"skip":true},"54":{"start":{"line":193,"column":8},"end":{"line":193,"column":14},"skip":true}},"branchMap":{"1":{"line":25,"type":"binary-expr","locations":[{"start":{"line":25,"column":23},"end":{"line":25,"column":62}},{"start":{"line":26,"column":20},"end":{"line":26,"column":70}},{"start":{"line":27,"column":20},"end":{"line":27,"column":71}},{"start":{"line":28,"column":20},"end":{"line":28,"column":29}}]},"2":{"line":30,"type":"binary-expr","locations":[{"start":{"line":30,"column":23},"end":{"line":30,"column":37}},{"start":{"line":31,"column":20},"end":{"line":31,"column":61}},{"start":{"line":32,"column":20},"end":{"line":32,"column":70}},{"start":{"line":33,"column":20},"end":{"line":33,"column":26}}]},"3":{"line":37,"type":"cond-expr","locations":[{"start":{"line":38,"column":14},"end":{"line":38,"column":20}},{"start":{"line":39,"column":14},"end":{"line":39,"column":20}}]},"4":{"line":40,"type":"switch","locations":[{"start":{"line":42,"column":8},"end":{"line":47,"column":18}},{"start":{"line":49,"column":8},"end":{"line":52,"column":18}}]},"5":{"line":44,"type":"binary-expr","locations":[{"start":{"line":44,"column":16},"end":{"line":44,"column":44}},{"start":{"line":44,"column":48},"end":{"line":44,"column":66}}]},"6":{"line":50,"type":"binary-expr","locations":[{"start":{"line":50,"column":21},"end":{"line":50,"column":49}},{"start":{"line":50,"column":53},"end":{"line":50,"column":72}}]},"7":{"line":64,"type":"switch","locations":[{"start":{"line":69,"column":4},"end":{"line":70,"column":14}},{"start":{"line":75,"column":4},"end":{"line":76,"column":14}}]},"8":{"line":85,"type":"switch","locations":[{"start":{"line":90,"column":4},"end":{"line":105,"column":14}},{"start":{"line":111,"column":4},"end":{"line":193,"column":14},"skip":true}]},"9":{"line":91,"type":"binary-expr","locations":[{"start":{"line":91,"column":42},"end":{"line":91,"column":73}},{"start":{"line":91,"column":77},"end":{"line":99,"column":9}}]},"10":{"line":102,"type":"binary-expr","locations":[{"start":{"line":102,"column":18},"end":{"line":102,"column":32}},{"start":{"line":103,"column":12},"end":{"line":103,"column":53}},{"start":{"line":104,"column":12},"end":{"line":104,"column":61}}]},"11":{"line":112,"type":"binary-expr","locations":[{"start":{"line":112,"column":45},"end":{"line":112,"column":79},"skip":true},{"start":{"line":112,"column":83},"end":{"line":121,"column":9},"skip":true}]},"12":{"line":123,"type":"binary-expr","locations":[{"start":{"line":123,"column":42},"end":{"line":123,"column":73},"skip":true},{"start":{"line":123,"column":77},"end":{"line":136,"column":9},"skip":true}]},"13":{"line":138,"type":"binary-expr","locations":[{"start":{"line":138,"column":48},"end":{"line":138,"column":85},"skip":true},{"start":{"line":139,"column":12},"end":{"line":145,"column":13},"skip":true}]},"14":{"line":147,"type":"binary-expr","locations":[{"start":{"line":147,"column":42},"end":{"line":147,"column":73},"skip":true},{"start":{"line":147,"column":77},"end":{"line":156,"column":9},"skip":true}]},"15":{"line":158,"type":"binary-expr","locations":[{"start":{"line":158,"column":45},"end":{"line":158,"column":79},"skip":true},{"start":{"line":158,"column":83},"end":{"line":167,"column":9},"skip":true}]},"16":{"line":169,"type":"binary-expr","locations":[{"start":{"line":169,"column":43},"end":{"line":169,"column":75},"skip":true},{"start":{"line":169,"column":79},"end":{"line":178,"column":9},"skip":true}]},"17":{"line":180,"type":"binary-expr","locations":[{"start":{"line":180,"column":41},"end":{"line":180,"column":71},"skip":true},{"start":{"line":180,"column":75},"end":{"line":189,"column":9},"skip":true}]}},"code":["/* istanbul instrument in package npmtest_node_neo4j */","/*jslint","    bitwise: true,","    browser: true,","    maxerr: 8,","    maxlen: 96,","    node: true,","    nomen: true,","    regexp: true,","    stupid: true","*/","(function () {","    'use strict';","    var local;","","","","    // run shared js-env code - pre-init","    (function () {","        // init local","        local = {};","        // init modeJs","        local.modeJs = (function () {","            try {","                return typeof navigator.userAgent === 'string' &&","                    typeof document.querySelector('body') === 'object' &&","                    typeof XMLHttpRequest.prototype.open === 'function' &&","                    'browser';","            } catch (errorCaughtBrowser) {","                return module.exports &&","                    typeof process.versions.node === 'string' &&","                    typeof require('http').createServer === 'function' &&","                    'node';","            }","        }());","        // init global","        local.global = local.modeJs === 'browser'","            ? window","            : global;","        switch (local.modeJs) {","        // re-init local from window.local","        case 'browser':","            local = local.global.utility2.objectSetDefault(","                local.global.utility2_rollup || local.global.local,","                local.global.utility2","            );","            break;","        // re-init local from example.js","        case 'node':","            local = (local.global.utility2_rollup || require('utility2'))","                .requireExampleJsFromReadme();","            break;","        }","        // export local","        local.global.local = local;","    }());","","","","    // run shared js-env code - function","    (function () {","        return;","    }());","    switch (local.modeJs) {","","","","    // run browser js-env code - function","    case 'browser':","        break;","","","","    // run node js-env code - function","    case 'node':","        break;","    }","","","","    // run shared js-env code - post-init","    (function () {","        return;","    }());","    switch (local.modeJs) {","","","","    // run browser js-env code - post-init","    case 'browser':","        local.testCase_browser_nullCase = local.testCase_browser_nullCase || function (","            options,","            onError","        ) {","        /*","         * this function will test browsers's null-case handling-behavior-behavior","         */","            onError(null, options);","        };","","        // run tests","        local.nop(local.modeTest &&","            document.querySelector('#testRunButton1') &&","            document.querySelector('#testRunButton1').click());","        break;","","","","    // run node js-env code - post-init","    /* istanbul ignore next */","    case 'node':","        local.testCase_buildApidoc_default = local.testCase_buildApidoc_default || function (","            options,","            onError","        ) {","        /*","         * this function will test buildApidoc's default handling-behavior-behavior","         */","            options = { modulePathList: module.paths };","            local.buildApidoc(options, onError);","        };","","        local.testCase_buildApp_default = local.testCase_buildApp_default || function (","            options,","            onError","        ) {","        /*","         * this function will test buildApp's default handling-behavior-behavior","         */","            local.testCase_buildReadme_default(options, local.onErrorThrow);","            local.testCase_buildLib_default(options, local.onErrorThrow);","            local.testCase_buildTest_default(options, local.onErrorThrow);","            local.testCase_buildCustomOrg_default(options, local.onErrorThrow);","            options = [];","            local.buildApp(options, onError);","        };","","        local.testCase_buildCustomOrg_default = local.testCase_buildCustomOrg_default ||","            function (options, onError) {","            /*","             * this function will test buildCustomOrg's default handling-behavior","             */","                options = {};","                local.buildCustomOrg(options, onError);","            };","","        local.testCase_buildLib_default = local.testCase_buildLib_default || function (","            options,","            onError","        ) {","        /*","         * this function will test buildLib's default handling-behavior","         */","            options = {};","            local.buildLib(options, onError);","        };","","        local.testCase_buildReadme_default = local.testCase_buildReadme_default || function (","            options,","            onError","        ) {","        /*","         * this function will test buildReadme's default handling-behavior-behavior","         */","            options = {};","            local.buildReadme(options, onError);","        };","","        local.testCase_buildTest_default = local.testCase_buildTest_default || function (","            options,","            onError","        ) {","        /*","         * this function will test buildTest's default handling-behavior","         */","            options = {};","            local.buildTest(options, onError);","        };","","        local.testCase_webpage_default = local.testCase_webpage_default || function (","            options,","            onError","        ) {","        /*","         * this function will test webpage's default handling-behavior","         */","            options = { modeCoverageMerge: true, url: local.serverLocalHost + '?modeTest=1' };","            local.browserTest(options, onError);","        };","","        // run test-server","        local.testRunServer(local);","        break;","    }","}());",""],"l":{"12":2,"14":2,"19":2,"21":2,"23":2,"24":2,"25":2,"30":1,"37":2,"40":2,"43":1,"47":1,"50":1,"52":1,"55":2,"61":2,"62":2,"64":2,"70":1,"76":1,"82":2,"83":2,"85":2,"91":1,"98":1,"102":1,"105":1,"112":1,"119":1,"120":1,"123":1,"130":1,"131":1,"132":1,"133":1,"134":1,"135":1,"138":1,"143":2,"144":2,"147":1,"154":2,"155":2,"158":1,"165":2,"166":2,"169":1,"176":2,"177":2,"180":1,"187":1,"188":1,"192":1,"193":1}},"/home/travis/build/npmtest/node-npmtest-node-neo4j/lib.npmtest_node_neo4j.js":{"path":"/home/travis/build/npmtest/node-npmtest-node-neo4j/lib.npmtest_node_neo4j.js","s":{"1":2,"2":2,"3":2,"4":2,"5":2,"6":2,"7":2,"8":1,"9":2,"10":2,"11":2,"12":2,"13":1,"14":1,"15":1,"16":1},"b":{"1":[2,1,1,1],"2":[1,1,1,1],"3":[1,1],"4":[2,2],"5":[1,1]},"f":{"1":2,"2":2,"3":2},"fnMap":{"1":{"name":"(anonymous_1)","line":12,"loc":{"start":{"line":12,"column":1},"end":{"line":12,"column":13}}},"2":{"name":"(anonymous_2)","line":19,"loc":{"start":{"line":19,"column":5},"end":{"line":19,"column":17}}},"3":{"name":"(anonymous_3)","line":23,"loc":{"start":{"line":23,"column":24},"end":{"line":23,"column":36}}}},"statementMap":{"1":{"start":{"line":12,"column":0},"end":{"line":53,"column":5}},"2":{"start":{"line":14,"column":4},"end":{"line":14,"column":14}},"3":{"start":{"line":19,"column":4},"end":{"line":52,"column":9}},"4":{"start":{"line":21,"column":8},"end":{"line":21,"column":19}},"5":{"start":{"line":23,"column":8},"end":{"line":35,"column":13}},"6":{"start":{"line":24,"column":12},"end":{"line":34,"column":13}},"7":{"start":{"line":25,"column":16},"end":{"line":28,"column":30}},"8":{"start":{"line":30,"column":16},"end":{"line":33,"column":27}},"9":{"start":{"line":37,"column":8},"end":{"line":39,"column":21}},"10":{"start":{"line":41,"column":8},"end":{"line":41,"column":54}},"11":{"start":{"line":43,"column":8},"end":{"line":43,"column":55}},"12":{"start":{"line":45,"column":8},"end":{"line":51,"column":9}},"13":{"start":{"line":46,"column":12},"end":{"line":46,"column":61}},"14":{"start":{"line":48,"column":12},"end":{"line":48,"column":35}},"15":{"start":{"line":49,"column":12},"end":{"line":49,"column":49}},"16":{"start":{"line":50,"column":12},"end":{"line":50,"column":43}}},"branchMap":{"1":{"line":25,"type":"binary-expr","locations":[{"start":{"line":25,"column":23},"end":{"line":25,"column":62}},{"start":{"line":26,"column":20},"end":{"line":26,"column":70}},{"start":{"line":27,"column":20},"end":{"line":27,"column":71}},{"start":{"line":28,"column":20},"end":{"line":28,"column":29}}]},"2":{"line":30,"type":"binary-expr","locations":[{"start":{"line":30,"column":23},"end":{"line":30,"column":37}},{"start":{"line":31,"column":20},"end":{"line":31,"column":61}},{"start":{"line":32,"column":20},"end":{"line":32,"column":70}},{"start":{"line":33,"column":20},"end":{"line":33,"column":26}}]},"3":{"line":37,"type":"cond-expr","locations":[{"start":{"line":38,"column":14},"end":{"line":38,"column":20}},{"start":{"line":39,"column":14},"end":{"line":39,"column":20}}]},"4":{"line":41,"type":"binary-expr","locations":[{"start":{"line":41,"column":16},"end":{"line":41,"column":44}},{"start":{"line":41,"column":48},"end":{"line":41,"column":53}}]},"5":{"line":45,"type":"if","locations":[{"start":{"line":45,"column":8},"end":{"line":45,"column":8}},{"start":{"line":45,"column":8},"end":{"line":45,"column":8}}]}},"code":["/* istanbul instrument in package npmtest_node_neo4j */","/*jslint","    bitwise: true,","    browser: true,","    maxerr: 8,","    maxlen: 96,","    node: true,","    nomen: true,","    regexp: true,","    stupid: true","*/","(function () {","    'use strict';","    var local;","","","","    // run shared js-env code - pre-init","    (function () {","        // init local","        local = {};","        // init modeJs","        local.modeJs = (function () {","            try {","                return typeof navigator.userAgent === 'string' &&","                    typeof document.querySelector('body') === 'object' &&","                    typeof XMLHttpRequest.prototype.open === 'function' &&","                    'browser';","            } catch (errorCaughtBrowser) {","                return module.exports &&","                    typeof process.versions.node === 'string' &&","                    typeof require('http').createServer === 'function' &&","                    'node';","            }","        }());","        // init global","        local.global = local.modeJs === 'browser'","            ? window","            : global;","        // init utility2_rollup","        local = local.global.utility2_rollup || local;","        // init lib","        local.local = local.npmtest_node_neo4j = local;","        // init exports","        if (local.modeJs === 'browser') {","            local.global.utility2_npmtest_node_neo4j = local;","        } else {","            module.exports = local;","            module.exports.__dirname = __dirname;","            module.exports.module = module;","        }","    }());","}());",""],"l":{"12":2,"14":2,"19":2,"21":2,"23":2,"24":2,"25":2,"30":1,"37":2,"41":2,"43":2,"45":2,"46":1,"48":1,"49":1,"50":1}},"/home/travis/build/npmtest/node-npmtest-node-neo4j/example.js":{"path":"/home/travis/build/npmtest/node-npmtest-node-neo4j/example.js","s":{"1":2,"2":2,"3":2,"4":2,"5":2,"6":2,"7":2,"8":1,"9":2,"10":2,"11":2,"12":2,"13":1,"14":2,"15":2,"16":2,"17":2,"18":2,"19":0,"20":2,"21":1,"22":1,"23":1,"24":1,"25":1,"26":0,"27":0,"28":1,"29":1,"30":2,"31":0,"32":0,"33":0,"34":1,"35":2,"36":2,"37":3,"38":3,"39":3,"40":3,"41":0,"42":3,"43":3,"44":3,"45":1,"46":3,"47":1,"48":1,"49":1,"50":1,"51":1,"52":1,"53":1,"54":1,"55":1,"56":1,"57":0,"58":1,"59":6,"60":6,"61":1,"62":2,"63":0,"64":2,"65":1,"66":1,"67":0,"68":0,"69":0,"70":0,"71":0,"72":0,"73":0,"74":0,"75":0,"76":0,"77":0,"78":0,"79":0,"80":0,"81":0,"82":0,"83":0},"b":{"1":[2,1,1,1],"2":[1,1,1,1],"3":[1,1],"4":[2,2],"5":[1,1],"6":[1,1],"7":[2,0],"8":[2,1,1,1,1,1],"9":[0,2,0],"10":[1,1],"11":[2,1,1],"12":[1,0],"13":[0,2],"14":[2,0,0,0,0,0,0],"15":[0,3],"16":[3,0],"17":[1,1],"18":[0,1],"19":[1,2,0,2],"20":[1,0],"21":[1,1],"22":[0,0],"23":[0,0],"24":[0,0],"25":[0,0],"26":[0,0],"27":[0,0],"28":[0,0]},"f":{"1":2,"2":2,"3":2,"4":2,"5":2,"6":2,"7":3,"8":3,"9":3,"10":1,"11":6,"12":0},"fnMap":{"1":{"name":"(anonymous_1)","line":26,"loc":{"start":{"line":26,"column":1},"end":{"line":26,"column":13}}},"2":{"name":"(anonymous_2)","line":33,"loc":{"start":{"line":33,"column":5},"end":{"line":33,"column":17}}},"3":{"name":"(anonymous_3)","line":37,"loc":{"start":{"line":37,"column":24},"end":{"line":37,"column":36}}},"4":{"name":"(anonymous_4)","line":69,"loc":{"start":{"line":69,"column":31},"end":{"line":69,"column":48}},"skip":true},"5":{"name":"(anonymous_5)","line":78,"loc":{"start":{"line":78,"column":26},"end":{"line":78,"column":45}},"skip":true},"6":{"name":"(anonymous_6)","line":123,"loc":{"start":{"line":123,"column":33},"end":{"line":123,"column":48}},"skip":true},"7":{"name":"(anonymous_7)","line":125,"loc":{"start":{"line":125,"column":27},"end":{"line":125,"column":39}},"skip":true},"8":{"name":"(anonymous_8)","line":133,"loc":{"start":{"line":133,"column":59},"end":{"line":133,"column":74}},"skip":true},"9":{"name":"(anonymous_9)","line":143,"loc":{"start":{"line":143,"column":45},"end":{"line":143,"column":62}},"skip":true},"10":{"name":"(anonymous_10)","line":144,"loc":{"start":{"line":144,"column":73},"end":{"line":144,"column":92}},"skip":true},"11":{"name":"(anonymous_11)","line":272,"loc":{"start":{"line":272,"column":51},"end":{"line":272,"column":77}},"skip":true},"12":{"name":"(anonymous_12)","line":315,"loc":{"start":{"line":315,"column":32},"end":{"line":315,"column":61}},"skip":true}},"statementMap":{"1":{"start":{"line":26,"column":0},"end":{"line":326,"column":5}},"2":{"start":{"line":28,"column":4},"end":{"line":28,"column":14}},"3":{"start":{"line":33,"column":4},"end":{"line":60,"column":9}},"4":{"start":{"line":35,"column":8},"end":{"line":35,"column":19}},"5":{"start":{"line":37,"column":8},"end":{"line":49,"column":13}},"6":{"start":{"line":38,"column":12},"end":{"line":48,"column":13}},"7":{"start":{"line":39,"column":16},"end":{"line":42,"column":30}},"8":{"start":{"line":44,"column":16},"end":{"line":47,"column":27}},"9":{"start":{"line":51,"column":8},"end":{"line":53,"column":21}},"10":{"start":{"line":55,"column":8},"end":{"line":57,"column":45}},"11":{"start":{"line":59,"column":8},"end":{"line":59,"column":35}},"12":{"start":{"line":61,"column":4},"end":{"line":325,"column":5}},"13":{"start":{"line":69,"column":8},"end":{"line":121,"column":10},"skip":true},"14":{"start":{"line":70,"column":12},"end":{"line":88,"column":13},"skip":true},"15":{"start":{"line":76,"column":16},"end":{"line":87,"column":19},"skip":true},"16":{"start":{"line":79,"column":20},"end":{"line":86,"column":21},"skip":true},"17":{"start":{"line":82,"column":24},"end":{"line":82,"column":43},"skip":true},"18":{"start":{"line":83,"column":24},"end":{"line":83,"column":30},"skip":true},"19":{"start":{"line":85,"column":24},"end":{"line":85,"column":49},"skip":true},"20":{"start":{"line":89,"column":12},"end":{"line":107,"column":13},"skip":true},"21":{"start":{"line":92,"column":16},"end":{"line":102,"column":17},"skip":true},"22":{"start":{"line":93,"column":20},"end":{"line":93,"column":86},"skip":true},"23":{"start":{"line":94,"column":20},"end":{"line":95,"column":45},"skip":true},"24":{"start":{"line":96,"column":20},"end":{"line":96,"column":42},"skip":true},"25":{"start":{"line":97,"column":20},"end":{"line":97,"column":48},"skip":true},"26":{"start":{"line":100,"column":20},"end":{"line":100,"column":85},"skip":true},"27":{"start":{"line":101,"column":20},"end":{"line":101,"column":96},"skip":true},"28":{"start":{"line":103,"column":16},"end":{"line":103,"column":22},"skip":true},"29":{"start":{"line":106,"column":16},"end":{"line":106,"column":22},"skip":true},"30":{"start":{"line":108,"column":12},"end":{"line":120,"column":13},"skip":true},"31":{"start":{"line":114,"column":16},"end":{"line":119,"column":17},"skip":true},"32":{"start":{"line":116,"column":20},"end":{"line":116,"column":78},"skip":true},"33":{"start":{"line":118,"column":20},"end":{"line":118,"column":47},"skip":true},"34":{"start":{"line":123,"column":8},"end":{"line":141,"column":11},"skip":true},"35":{"start":{"line":124,"column":12},"end":{"line":124,"column":54},"skip":true},"36":{"start":{"line":125,"column":12},"end":{"line":140,"column":14},"skip":true},"37":{"start":{"line":126,"column":16},"end":{"line":126,"column":28},"skip":true},"38":{"start":{"line":127,"column":16},"end":{"line":127,"column":69},"skip":true},"39":{"start":{"line":128,"column":16},"end":{"line":128,"column":75},"skip":true},"40":{"start":{"line":129,"column":16},"end":{"line":131,"column":17},"skip":true},"41":{"start":{"line":130,"column":20},"end":{"line":130,"column":27},"skip":true},"42":{"start":{"line":133,"column":16},"end":{"line":137,"column":36},"skip":true},"43":{"start":{"line":134,"column":20},"end":{"line":136,"column":55},"skip":true},"44":{"start":{"line":139,"column":16},"end":{"line":139,"column":57},"skip":true},"45":{"start":{"line":143,"column":8},"end":{"line":147,"column":11},"skip":true},"46":{"start":{"line":144,"column":12},"end":{"line":146,"column":15},"skip":true},"47":{"start":{"line":145,"column":16},"end":{"line":145,"column":70},"skip":true},"48":{"start":{"line":149,"column":8},"end":{"line":149,"column":31},"skip":true},"49":{"start":{"line":150,"column":8},"end":{"line":150,"column":14},"skip":true},"50":{"start":{"line":158,"column":8},"end":{"line":158,"column":31},"skip":true},"51":{"start":{"line":160,"column":8},"end":{"line":160,"column":33},"skip":true},"52":{"start":{"line":161,"column":8},"end":{"line":161,"column":37},"skip":true},"53":{"start":{"line":162,"column":8},"end":{"line":162,"column":35},"skip":true},"54":{"start":{"line":164,"column":8},"end":{"line":164,"column":50},"skip":true},"55":{"start":{"line":166,"column":8},"end":{"line":256,"column":2},"skip":true},"56":{"start":{"line":258,"column":8},"end":{"line":286,"column":9},"skip":true},"57":{"start":{"line":259,"column":12},"end":{"line":269,"column":14},"skip":true},"58":{"start":{"line":271,"column":12},"end":{"line":285,"column":19},"skip":true},"59":{"start":{"line":274,"column":20},"end":{"line":274,"column":35},"skip":true},"60":{"start":{"line":275,"column":20},"end":{"line":284,"column":21},"skip":true},"61":{"start":{"line":277,"column":24},"end":{"line":277,"column":64},"skip":true},"62":{"start":{"line":279,"column":24},"end":{"line":279,"column":40},"skip":true},"63":{"start":{"line":281,"column":24},"end":{"line":281,"column":40},"skip":true},"64":{"start":{"line":283,"column":24},"end":{"line":283,"column":39},"skip":true},"65":{"start":{"line":288,"column":8},"end":{"line":290,"column":9},"skip":true},"66":{"start":{"line":289,"column":12},"end":{"line":289,"column":18},"skip":true},"67":{"start":{"line":291,"column":8},"end":{"line":293,"column":54},"skip":true},"68":{"start":{"line":296,"column":8},"end":{"line":301,"column":37},"skip":true},"69":{"start":{"line":303,"column":8},"end":{"line":303,"column":82},"skip":true},"70":{"start":{"line":306,"column":8},"end":{"line":308,"column":9},"skip":true},"71":{"start":{"line":307,"column":12},"end":{"line":307,"column":82},"skip":true},"72":{"start":{"line":310,"column":8},"end":{"line":312,"column":9},"skip":true},"73":{"start":{"line":311,"column":12},"end":{"line":311,"column":18},"skip":true},"74":{"start":{"line":313,"column":8},"end":{"line":313,"column":54},"skip":true},"75":{"start":{"line":314,"column":8},"end":{"line":314,"column":69},"skip":true},"76":{"start":{"line":315,"column":8},"end":{"line":323,"column":36},"skip":true},"77":{"start":{"line":316,"column":12},"end":{"line":316,"column":61},"skip":true},"78":{"start":{"line":317,"column":12},"end":{"line":320,"column":13},"skip":true},"79":{"start":{"line":318,"column":16},"end":{"line":318,"column":75},"skip":true},"80":{"start":{"line":319,"column":16},"end":{"line":319,"column":23},"skip":true},"81":{"start":{"line":321,"column":12},"end":{"line":321,"column":38},"skip":true},"82":{"start":{"line":322,"column":12},"end":{"line":322,"column":27},"skip":true},"83":{"start":{"line":324,"column":8},"end":{"line":324,"column":14},"skip":true}},"branchMap":{"1":{"line":39,"type":"binary-expr","locations":[{"start":{"line":39,"column":23},"end":{"line":39,"column":62}},{"start":{"line":40,"column":20},"end":{"line":40,"column":70}},{"start":{"line":41,"column":20},"end":{"line":41,"column":71}},{"start":{"line":42,"column":20},"end":{"line":42,"column":29}}]},"2":{"line":44,"type":"binary-expr","locations":[{"start":{"line":44,"column":23},"end":{"line":44,"column":37}},{"start":{"line":45,"column":20},"end":{"line":45,"column":61}},{"start":{"line":46,"column":20},"end":{"line":46,"column":70}},{"start":{"line":47,"column":20},"end":{"line":47,"column":26}}]},"3":{"line":51,"type":"cond-expr","locations":[{"start":{"line":52,"column":14},"end":{"line":52,"column":20}},{"start":{"line":53,"column":14},"end":{"line":53,"column":20}}]},"4":{"line":55,"type":"binary-expr","locations":[{"start":{"line":55,"column":16},"end":{"line":55,"column":44}},{"start":{"line":55,"column":49},"end":{"line":57,"column":43}}]},"5":{"line":55,"type":"cond-expr","locations":[{"start":{"line":56,"column":14},"end":{"line":56,"column":54}},{"start":{"line":57,"column":14},"end":{"line":57,"column":43}}]},"6":{"line":61,"type":"switch","locations":[{"start":{"line":68,"column":4},"end":{"line":150,"column":14},"skip":true},{"start":{"line":156,"column":4},"end":{"line":324,"column":14},"skip":true}]},"7":{"line":70,"type":"if","locations":[{"start":{"line":70,"column":12},"end":{"line":70,"column":12},"skip":true},{"start":{"line":70,"column":12},"end":{"line":70,"column":12},"skip":true}]},"8":{"line":70,"type":"binary-expr","locations":[{"start":{"line":70,"column":16},"end":{"line":70,"column":22},"skip":true},{"start":{"line":70,"column":27},"end":{"line":70,"column":32},"skip":true},{"start":{"line":71,"column":20},"end":{"line":71,"column":39},"skip":true},{"start":{"line":72,"column":20},"end":{"line":72,"column":49},"skip":true},{"start":{"line":73,"column":20},"end":{"line":73,"column":58},"skip":true},{"start":{"line":74,"column":20},"end":{"line":74,"column":69},"skip":true}]},"9":{"line":79,"type":"switch","locations":[{"start":{"line":80,"column":20},"end":{"line":80,"column":33},"skip":true},{"start":{"line":81,"column":20},"end":{"line":83,"column":30},"skip":true},{"start":{"line":84,"column":20},"end":{"line":85,"column":49},"skip":true}]},"10":{"line":89,"type":"switch","locations":[{"start":{"line":90,"column":12},"end":{"line":103,"column":22},"skip":true},{"start":{"line":105,"column":12},"end":{"line":106,"column":22},"skip":true}]},"11":{"line":89,"type":"binary-expr","locations":[{"start":{"line":89,"column":20},"end":{"line":89,"column":25},"skip":true},{"start":{"line":89,"column":29},"end":{"line":89,"column":48},"skip":true},{"start":{"line":89,"column":52},"end":{"line":89,"column":74},"skip":true}]},"12":{"line":92,"type":"if","locations":[{"start":{"line":92,"column":16},"end":{"line":92,"column":16},"skip":true},{"start":{"line":92,"column":16},"end":{"line":92,"column":16},"skip":true}]},"13":{"line":108,"type":"if","locations":[{"start":{"line":108,"column":12},"end":{"line":108,"column":12},"skip":true},{"start":{"line":108,"column":12},"end":{"line":108,"column":12},"skip":true}]},"14":{"line":108,"type":"binary-expr","locations":[{"start":{"line":108,"column":16},"end":{"line":108,"column":61},"skip":true},{"start":{"line":108,"column":66},"end":{"line":108,"column":72},"skip":true},{"start":{"line":108,"column":77},"end":{"line":108,"column":82},"skip":true},{"start":{"line":109,"column":20},"end":{"line":109,"column":39},"skip":true},{"start":{"line":110,"column":20},"end":{"line":110,"column":49},"skip":true},{"start":{"line":111,"column":20},"end":{"line":111,"column":58},"skip":true},{"start":{"line":112,"column":20},"end":{"line":112,"column":68},"skip":true}]},"15":{"line":129,"type":"if","locations":[{"start":{"line":129,"column":16},"end":{"line":129,"column":16},"skip":true},{"start":{"line":129,"column":16},"end":{"line":129,"column":16},"skip":true}]},"16":{"line":134,"type":"cond-expr","locations":[{"start":{"line":135,"column":26},"end":{"line":135,"column":29},"skip":true},{"start":{"line":136,"column":26},"end":{"line":136,"column":54},"skip":true}]},"17":{"line":164,"type":"binary-expr","locations":[{"start":{"line":164,"column":27},"end":{"line":164,"column":43},"skip":true},{"start":{"line":164,"column":47},"end":{"line":164,"column":49},"skip":true}]},"18":{"line":258,"type":"if","locations":[{"start":{"line":258,"column":8},"end":{"line":258,"column":8},"skip":true},{"start":{"line":258,"column":8},"end":{"line":258,"column":8},"skip":true}]},"19":{"line":275,"type":"switch","locations":[{"start":{"line":276,"column":20},"end":{"line":277,"column":64},"skip":true},{"start":{"line":278,"column":20},"end":{"line":279,"column":40},"skip":true},{"start":{"line":280,"column":20},"end":{"line":281,"column":40},"skip":true},{"start":{"line":282,"column":20},"end":{"line":283,"column":39},"skip":true}]},"20":{"line":288,"type":"if","locations":[{"start":{"line":288,"column":8},"end":{"line":288,"column":8},"skip":true},{"start":{"line":288,"column":8},"end":{"line":288,"column":8},"skip":true}]},"21":{"line":288,"type":"binary-expr","locations":[{"start":{"line":288,"column":12},"end":{"line":288,"column":40},"skip":true},{"start":{"line":288,"column":44},"end":{"line":288,"column":67},"skip":true}]},"22":{"line":292,"type":"binary-expr","locations":[{"start":{"line":292,"column":12},"end":{"line":292,"column":50},"skip":true},{"start":{"line":293,"column":12},"end":{"line":293,"column":53},"skip":true}]},"23":{"line":297,"type":"binary-expr","locations":[{"start":{"line":297,"column":12},"end":{"line":297,"column":68},"skip":true},{"start":{"line":298,"column":12},"end":{"line":301,"column":36},"skip":true}]},"24":{"line":303,"type":"binary-expr","locations":[{"start":{"line":303,"column":43},"end":{"line":303,"column":75},"skip":true},{"start":{"line":303,"column":79},"end":{"line":303,"column":81},"skip":true}]},"25":{"line":306,"type":"if","locations":[{"start":{"line":306,"column":8},"end":{"line":306,"column":8},"skip":true},{"start":{"line":306,"column":8},"end":{"line":306,"column":8},"skip":true}]},"26":{"line":310,"type":"if","locations":[{"start":{"line":310,"column":8},"end":{"line":310,"column":8},"skip":true},{"start":{"line":310,"column":8},"end":{"line":310,"column":8},"skip":true}]},"27":{"line":313,"type":"binary-expr","locations":[{"start":{"line":313,"column":27},"end":{"line":313,"column":43},"skip":true},{"start":{"line":313,"column":47},"end":{"line":313,"column":53},"skip":true}]},"28":{"line":317,"type":"if","locations":[{"start":{"line":317,"column":12},"end":{"line":317,"column":12},"skip":true},{"start":{"line":317,"column":12},"end":{"line":317,"column":12},"skip":true}]}},"code":["/*","example.js","","quickstart example","","instruction","    1. save this script as example.js","    2. run the shell command:","        $ npm install npmtest-node-neo4j && PORT=8081 node example.js","    3. play with the browser-demo on http://127.0.0.1:8081","*/","","","","/* istanbul instrument in package npmtest_node_neo4j */","/*jslint","    bitwise: true,","    browser: true,","    maxerr: 8,","    maxlen: 96,","    node: true,","    nomen: true,","    regexp: true,","    stupid: true","*/","(function () {","    'use strict';","    var local;","","","","    // run shared js-env code - pre-init","    (function () {","        // init local","        local = {};","        // init modeJs","        local.modeJs = (function () {","            try {","                return typeof navigator.userAgent === 'string' &&","                    typeof document.querySelector('body') === 'object' &&","                    typeof XMLHttpRequest.prototype.open === 'function' &&","                    'browser';","            } catch (errorCaughtBrowser) {","                return module.exports &&","                    typeof process.versions.node === 'string' &&","                    typeof require('http').createServer === 'function' &&","                    'node';","            }","        }());","        // init global","        local.global = local.modeJs === 'browser'","            ? window","            : global;","        // init utility2_rollup","        local = local.global.utility2_rollup || (local.modeJs === 'browser'","            ? local.global.utility2_npmtest_node_neo4j","            : global.utility2_moduleExports);","        // export local","        local.global.local = local;","    }());","    switch (local.modeJs) {","","","","    // post-init","    // run browser js-env code - post-init","    /* istanbul ignore next */","    case 'browser':","        local.testRunBrowser = function (event) {","            if (!event || (event &&","                    event.currentTarget &&","                    event.currentTarget.className &&","                    event.currentTarget.className.includes &&","                    event.currentTarget.className.includes('onreset'))) {","                // reset output","                Array.from(","                    document.querySelectorAll('body > .resettable')","                ).forEach(function (element) {","                    switch (element.tagName) {","                    case 'INPUT':","                    case 'TEXTAREA':","                        element.value = '';","                        break;","                    default:","                        element.textContent = '';","                    }","                });","            }","            switch (event && event.currentTarget && event.currentTarget.id) {","            case 'testRunButton1':","                // show tests","                if (document.querySelector('#testReportDiv1').style.display === 'none') {","                    document.querySelector('#testReportDiv1').style.display = 'block';","                    document.querySelector('#testRunButton1').textContent =","                        'hide internal test';","                    local.modeTest = true;","                    local.testRunDefault(local);","                // hide tests","                } else {","                    document.querySelector('#testReportDiv1').style.display = 'none';","                    document.querySelector('#testRunButton1').textContent = 'run internal test';","                }","                break;","            // custom-case","            default:","                break;","            }","            if (document.querySelector('#inputTextareaEval1') && (!event || (event &&","                    event.currentTarget &&","                    event.currentTarget.className &&","                    event.currentTarget.className.includes &&","                    event.currentTarget.className.includes('oneval')))) {","                // try to eval input-code","                try {","                    /*jslint evil: true*/","                    eval(document.querySelector('#inputTextareaEval1').value);","                } catch (errorCaught) {","                    console.error(errorCaught);","                }","            }","        };","        // log stderr and stdout to #outputTextareaStdout1","        ['error', 'log'].forEach(function (key) {","            console[key + '_original'] = console[key];","            console[key] = function () {","                var element;","                console[key + '_original'].apply(console, arguments);","                element = document.querySelector('#outputTextareaStdout1');","                if (!element) {","                    return;","                }","                // append text to #outputTextareaStdout1","                element.value += Array.from(arguments).map(function (arg) {","                    return typeof arg === 'string'","                        ? arg","                        : JSON.stringify(arg, null, 4);","                }).join(' ') + '\\n';","                // scroll textarea to bottom","                element.scrollTop = element.scrollHeight;","            };","        });","        // init event-handling","        ['change', 'click', 'keyup'].forEach(function (event) {","            Array.from(document.querySelectorAll('.on' + event)).forEach(function (element) {","                element.addEventListener(event, local.testRunBrowser);","            });","        });","        // run tests","        local.testRunBrowser();","        break;","","","","    // run node js-env code - post-init","    /* istanbul ignore next */","    case 'node':","        // export local","        module.exports = local;","        // require modules","        local.fs = require('fs');","        local.http = require('http');","        local.url = require('url');","        // init assets","        local.assetsDict = local.assetsDict || {};","        /* jslint-ignore-begin */","        local.assetsDict['/assets.index.template.html'] = '\\","<!doctype html>\\n\\","<html lang=\"en\">\\n\\","<head>\\n\\","<meta charset=\"UTF-8\">\\n\\","<meta name=\"viewport\" content=\"width=device-width, initial-scale=1\">\\n\\","<title>{{env.npm_package_name}} (v{{env.npm_package_version}})</title>\\n\\","<style>\\n\\","/*csslint\\n\\","    box-sizing: false,\\n\\","    universal-selector: false\\n\\","*/\\n\\","* {\\n\\","    box-sizing: border-box;\\n\\","}\\n\\","body {\\n\\","    background: #dde;\\n\\","    font-family: Arial, Helvetica, sans-serif;\\n\\","    margin: 2rem;\\n\\","}\\n\\","body > * {\\n\\","    margin-bottom: 1rem;\\n\\","}\\n\\",".utility2FooterDiv {\\n\\","    margin-top: 20px;\\n\\","    text-align: center;\\n\\","}\\n\\","</style>\\n\\","<style>\\n\\","/*csslint\\n\\","*/\\n\\","textarea {\\n\\","    font-family: monospace;\\n\\","    height: 10rem;\\n\\","    width: 100%;\\n\\","}\\n\\","textarea[readonly] {\\n\\","    background: #ddd;\\n\\","}\\n\\","</style>\\n\\","</head>\\n\\","<body>\\n\\","<!-- utility2-comment\\n\\","<div id=\"ajaxProgressDiv1\" style=\"background: #d00; height: 2px; left: 0; margin: 0; padding: 0; position: fixed; top: 0; transition: background 0.5s, width 1.5s; width: 25%;\"></div>\\n\\","utility2-comment -->\\n\\","<h1>\\n\\","<!-- utility2-comment\\n\\","    <a\\n\\","        {{#if env.npm_package_homepage}}\\n\\","        href=\"{{env.npm_package_homepage}}\"\\n\\","        {{/if env.npm_package_homepage}}\\n\\","        target=\"_blank\"\\n\\","    >\\n\\","utility2-comment -->\\n\\","        {{env.npm_package_name}} (v{{env.npm_package_version}})\\n\\","<!-- utility2-comment\\n\\","    </a>\\n\\","utility2-comment -->\\n\\","</h1>\\n\\","<h3>{{env.npm_package_description}}</h3>\\n\\","<!-- utility2-comment\\n\\","<h4><a download href=\"assets.app.js\">download standalone app</a></h4>\\n\\","<button class=\"onclick onreset\" id=\"testRunButton1\">run internal test</button><br>\\n\\","<div id=\"testReportDiv1\" style=\"display: none;\"></div>\\n\\","utility2-comment -->\\n\\","\\n\\","\\n\\","\\n\\","<label>stderr and stdout</label>\\n\\","<textarea class=\"resettable\" id=\"outputTextareaStdout1\" readonly></textarea>\\n\\","<!-- utility2-comment\\n\\","{{#if isRollup}}\\n\\","<script src=\"assets.app.js\"></script>\\n\\","{{#unless isRollup}}\\n\\","utility2-comment -->\\n\\","<script src=\"assets.utility2.rollup.js\"></script>\\n\\","<script src=\"jsonp.utility2._stateInit?callback=window.utility2._stateInit\"></script>\\n\\","<script src=\"assets.npmtest_node_neo4j.rollup.js\"></script>\\n\\","<script src=\"assets.example.js\"></script>\\n\\","<script src=\"assets.test.js\"></script>\\n\\","<!-- utility2-comment\\n\\","{{/if isRollup}}\\n\\","utility2-comment -->\\n\\","<div class=\"utility2FooterDiv\">\\n\\","    [ this app was created with\\n\\","    <a href=\"https://github.com/kaizhu256/node-utility2\" target=\"_blank\">utility2</a>\\n\\","    ]\\n\\","</div>\\n\\","</body>\\n\\","</html>\\n\\","';","        /* jslint-ignore-end */","        if (local.templateRender) {","            local.assetsDict['/'] = local.templateRender(","                local.assetsDict['/assets.index.template.html'],","                {","                    env: local.objectSetDefault(local.env, {","                        npm_package_description: 'the greatest app in the world!',","                        npm_package_name: 'my-app',","                        npm_package_nameAlias: 'my_app',","                        npm_package_version: '0.0.1'","                    })","                }","            );","        } else {","            local.assetsDict['/'] = local.assetsDict['/assets.index.template.html']","                .replace((/\\{\\{env\\.(\\w+?)\\}\\}/g), function (match0, match1) {","                    // jslint-hack","                    String(match0);","                    switch (match1) {","                    case 'npm_package_description':","                        return 'the greatest app in the world!';","                    case 'npm_package_name':","                        return 'my-app';","                    case 'npm_package_nameAlias':","                        return 'my_app';","                    case 'npm_package_version':","                        return '0.0.1';","                    }","                });","        }","        // run the cli","        if (local.global.utility2_rollup || module !== require.main) {","            break;","        }","        local.assetsDict['/assets.example.js'] =","            local.assetsDict['/assets.example.js'] ||","            local.fs.readFileSync(__filename, 'utf8');","        // bug-workaround - long $npm_package_buildCustomOrg","        /* jslint-ignore-begin */","        local.assetsDict['/assets.npmtest_node_neo4j.rollup.js'] =","            local.assetsDict['/assets.npmtest_node_neo4j.rollup.js'] ||","            local.fs.readFileSync(","                local.npmtest_node_neo4j.__dirname + '/lib.npmtest_node_neo4j.js',","                'utf8'","            ).replace((/^#!/), '//');","        /* jslint-ignore-end */","        local.assetsDict['/favicon.ico'] = local.assetsDict['/favicon.ico'] || '';","        // if $npm_config_timeout_exit exists,","        // then exit this process after $npm_config_timeout_exit ms","        if (Number(process.env.npm_config_timeout_exit)) {","            setTimeout(process.exit, Number(process.env.npm_config_timeout_exit));","        }","        // start server","        if (local.global.utility2_serverHttp1) {","            break;","        }","        process.env.PORT = process.env.PORT || '8081';","        console.error('server starting on port ' + process.env.PORT);","        local.http.createServer(function (request, response) {","            request.urlParsed = local.url.parse(request.url);","            if (local.assetsDict[request.urlParsed.pathname] !== undefined) {","                response.end(local.assetsDict[request.urlParsed.pathname]);","                return;","            }","            response.statusCode = 404;","            response.end();","        }).listen(process.env.PORT);","        break;","    }","}());",""],"l":{"26":2,"28":2,"33":2,"35":2,"37":2,"38":2,"39":2,"44":1,"51":2,"55":2,"59":2,"61":2,"69":1,"70":2,"76":2,"79":2,"82":2,"83":2,"85":1,"89":2,"92":1,"93":1,"94":1,"96":1,"97":1,"100":1,"101":1,"103":1,"106":1,"108":2,"114":1,"116":1,"118":1,"123":1,"124":2,"125":2,"126":3,"127":3,"128":3,"129":3,"130":1,"133":3,"134":3,"139":3,"143":1,"144":3,"145":1,"149":1,"150":1,"158":1,"160":1,"161":1,"162":1,"164":1,"166":1,"258":1,"259":1,"271":1,"274":6,"275":6,"277":1,"279":2,"281":1,"283":2,"288":1,"289":1,"291":1,"296":1,"303":1,"306":1,"307":1,"310":1,"311":1,"313":1,"314":1,"315":1,"316":1,"317":1,"318":1,"319":1,"321":1,"322":1,"324":1}},"/home/travis/build/npmtest/node-npmtest-node-neo4j/node_modules/node-neo4j/index.js":{"path":"/home/travis/build/npmtest/node-npmtest-node-neo4j/node_modules/node-neo4j/index.js","s":{"1":1},"b":{},"f":{},"fnMap":{},"statementMap":{"1":{"start":{"line":4,"column":0},"end":{"line":4,"column":42}}},"branchMap":{},"code":["/*jslint node: true */","'use strict';","","module.exports = require('./lib/main.js');"],"l":{"4":1}},"/home/travis/build/npmtest/node-npmtest-node-neo4j/node_modules/node-neo4j/lib/main.js":{"path":"/home/travis/build/npmtest/node-npmtest-node-neo4j/node_modules/node-neo4j/lib/main.js","s":{"1":1,"2":1,"3":1,"4":0,"5":0,"6":0,"7":0,"8":0,"9":0,"10":1,"11":0,"12":0,"13":0,"14":0,"15":0,"16":0,"17":0,"18":0,"19":0,"20":0,"21":0,"22":0,"23":0,"24":0,"25":0,"26":0,"27":0,"28":0,"29":0,"30":1,"31":0,"32":0,"33":0,"34":0,"35":1,"36":0,"37":0,"38":0,"39":0,"40":0,"41":0,"42":0,"43":0,"44":0,"45":1,"46":0,"47":0,"48":0,"49":0,"50":0,"51":0,"52":0,"53":0,"54":0,"55":1,"56":0,"57":0,"58":0,"59":0,"60":0,"61":0,"62":0,"63":0,"64":1,"65":0,"66":0,"67":0,"68":0,"69":0,"70":0,"71":0,"72":0,"73":1,"74":1,"75":1,"76":0,"77":0,"78":0,"79":0,"80":0,"81":0,"82":1,"83":0,"84":0,"85":0,"86":0,"87":0,"88":0,"89":0,"90":0,"91":0,"92":0,"93":0,"94":0,"95":0,"96":0,"97":0,"98":0,"99":0,"100":0,"101":0,"102":0,"103":0,"104":0,"105":1,"106":0,"107":0,"108":0,"109":0,"110":0,"111":0,"112":0,"113":0,"114":0,"115":0,"116":1,"117":0,"118":0,"119":0,"120":0,"121":0,"122":0,"123":0,"124":0,"125":1,"126":0,"127":0,"128":0,"129":0,"130":0,"131":0,"132":0,"133":0,"134":1,"135":0,"136":0,"137":0,"138":0,"139":0,"140":0,"141":0,"142":0,"143":1,"144":0,"145":0,"146":0,"147":0,"148":0,"149":0,"150":0,"151":0,"152":1,"153":0,"154":0,"155":0,"156":0,"157":1,"158":0,"159":0,"160":0,"161":0,"162":1,"163":0,"164":0,"165":0,"166":0,"167":1,"168":0,"169":0,"170":0,"171":0,"172":0,"173":0,"174":0,"175":1,"176":0,"177":1,"178":0,"179":1,"180":0,"181":0,"182":0,"183":0,"184":0,"185":0,"186":0,"187":1,"188":0,"189":0,"190":0,"191":0,"192":0,"193":0,"194":0,"195":1,"196":0,"197":0,"198":1,"199":0,"200":0,"201":1,"202":0,"203":0,"204":1,"205":0,"206":0,"207":1,"208":0,"209":0,"210":0,"211":0,"212":0,"213":0,"214":0,"215":0,"216":1,"217":0,"218":1,"219":0,"220":1,"221":0,"222":0,"223":0,"224":0,"225":0,"226":0,"227":0,"228":0,"229":0,"230":0,"231":0,"232":0,"233":0,"234":0,"235":0,"236":0,"237":0,"238":1,"239":0,"240":0,"241":0,"242":0,"243":0,"244":0,"245":0,"246":0,"247":0,"248":0,"249":0,"250":0,"251":0,"252":0,"253":0,"254":0,"255":1,"256":0,"257":0,"258":0,"259":0,"260":0,"261":0,"262":0,"263":0,"264":0,"265":0,"266":0,"267":1,"268":0,"269":0,"270":0,"271":0,"272":0,"273":0,"274":0,"275":0,"276":0,"277":0,"278":0,"279":0,"280":0,"281":0,"282":0,"283":0,"284":0,"285":0,"286":0,"287":0,"288":1,"289":0,"290":0,"291":0,"292":0,"293":0,"294":0,"295":0,"296":0,"297":0,"298":0,"299":0,"300":0,"301":0,"302":0,"303":0,"304":0,"305":0,"306":0,"307":0,"308":0,"309":0,"310":0,"311":0,"312":0,"313":0,"314":0,"315":0,"316":0,"317":1,"318":0,"319":0,"320":0,"321":0,"322":0,"323":0,"324":0,"325":1,"326":0,"327":0,"328":0,"329":0,"330":0,"331":0,"332":0,"333":0,"334":0,"335":0,"336":0,"337":0,"338":1,"339":1,"340":1,"341":0,"342":0,"343":0,"344":0,"345":0,"346":0,"347":0,"348":0,"349":0,"350":0,"351":0,"352":1,"353":0,"354":0,"355":0,"356":0,"357":0,"358":0,"359":0,"360":0,"361":0,"362":0,"363":0,"364":1,"365":0,"366":0,"367":0,"368":0,"369":0,"370":0,"371":0,"372":0,"373":0,"374":0,"375":0,"376":1,"377":0,"378":0,"379":0,"380":0,"381":0,"382":0,"383":0,"384":1,"385":0,"386":0,"387":0,"388":0,"389":0,"390":0,"391":0,"392":0,"393":0,"394":0,"395":0,"396":1,"397":0,"398":0,"399":0,"400":0,"401":0,"402":0,"403":0,"404":0,"405":0,"406":0,"407":0,"408":1,"409":0,"410":0,"411":0,"412":0,"413":0,"414":0,"415":0,"416":0,"417":0,"418":0,"419":0,"420":0,"421":0,"422":0,"423":0,"424":1,"425":0,"426":0,"427":0,"428":0,"429":0,"430":0,"431":0,"432":0,"433":0,"434":0,"435":0,"436":0,"437":1,"438":0,"439":0,"440":0,"441":0,"442":0,"443":0,"444":0,"445":0,"446":0,"447":0,"448":0,"449":0,"450":0,"451":0,"452":0,"453":1,"454":0,"455":0,"456":0,"457":0,"458":0,"459":0,"460":0,"461":0,"462":0,"463":0,"464":0,"465":0,"466":1,"467":0,"468":0,"469":0,"470":0,"471":0,"472":0,"473":0,"474":1,"475":0,"476":0,"477":0,"478":0,"479":0,"480":0,"481":1,"482":0,"483":0,"484":0,"485":0,"486":0,"487":0,"488":0,"489":0,"490":0,"491":0,"492":0,"493":0,"494":0,"495":0,"496":0,"497":0,"498":1,"499":1,"500":1,"501":0,"502":1,"503":0,"504":1,"505":0,"506":1,"507":0,"508":0,"509":0,"510":0,"511":0,"512":0,"513":0,"514":0,"515":0,"516":0,"517":0,"518":0,"519":0,"520":0,"521":0,"522":0,"523":0,"524":0,"525":0,"526":0,"527":0,"528":0,"529":0,"530":0,"531":0,"532":0,"533":0,"534":0,"535":0,"536":0,"537":0,"538":0,"539":0,"540":0,"541":0,"542":0,"543":1,"544":0,"545":0,"546":0,"547":0,"548":0,"549":0,"550":0,"551":0,"552":1,"553":0,"554":0,"555":0,"556":0,"557":1,"558":0,"559":0,"560":0,"561":1,"562":0,"563":0,"564":0,"565":0,"566":0,"567":0,"568":0,"569":1,"570":0,"571":0,"572":0,"573":0,"574":0,"575":0,"576":0,"577":0,"578":1,"579":0,"580":0,"581":0,"582":0,"583":1,"584":0,"585":0,"586":0,"587":0},"b":{"1":[0,0],"2":[0,0],"3":[0,0],"4":[0,0],"5":[0,0],"6":[0,0],"7":[0,0],"8":[0,0],"9":[0,0],"10":[0,0],"11":[0,0],"12":[0,0],"13":[0,0,0,0],"14":[0,0],"15":[0,0],"16":[0,0,0],"17":[0,0,0],"18":[0,0],"19":[0,0],"20":[0,0],"21":[0,0],"22":[0,0],"23":[0,0],"24":[0,0],"25":[0,0],"26":[0,0,0,0],"27":[0,0,0],"28":[0,0,0],"29":[0,0,0],"30":[0,0,0],"31":[0,0],"32":[0,0],"33":[0,0],"34":[0,0,0],"35":[0,0,0],"36":[0,0,0,0],"37":[0,0,0],"38":[0,0],"39":[0,0],"40":[0,0],"41":[0,0,0,0],"42":[0,0],"43":[0,0],"44":[0,0],"45":[0,0,0,0],"46":[0,0],"47":[0,0,0],"48":[0,0],"49":[0,0,0],"50":[0,0],"51":[0,0],"52":[0,0],"53":[0,0],"54":[0,0],"55":[0,0],"56":[0,0,0],"57":[0,0],"58":[0,0],"59":[0,0],"60":[0,0],"61":[0,0,0],"62":[0,0],"63":[0,0,0],"64":[0,0],"65":[0,0,0],"66":[0,0],"67":[0,0,0],"68":[0,0],"69":[0,0,0],"70":[0,0,0],"71":[0,0],"72":[0,0,0],"73":[0,0],"74":[0,0],"75":[0,0,0],"76":[0,0],"77":[0,0,0],"78":[0,0],"79":[0,0],"80":[0,0],"81":[0,0,0],"82":[0,0],"83":[0,0],"84":[0,0],"85":[0,0,0],"86":[0,0],"87":[0,0,0],"88":[0,0,0],"89":[0,0],"90":[0,0],"91":[0,0],"92":[0,0,0],"93":[0,0],"94":[0,0],"95":[0,0,0],"96":[0,0],"97":[0,0],"98":[0,0],"99":[0,0],"100":[0,0],"101":[0,0,0],"102":[0,0],"103":[0,0],"104":[0,0],"105":[0,0],"106":[0,0],"107":[0,0,0],"108":[0,0],"109":[0,0],"110":[0,0],"111":[0,0],"112":[0,0],"113":[0,0],"114":[0,0],"115":[0,0]},"f":{"1":0,"2":0,"3":0,"4":0,"5":0,"6":0,"7":0,"8":0,"9":0,"10":0,"11":0,"12":0,"13":0,"14":0,"15":0,"16":0,"17":0,"18":0,"19":0,"20":0,"21":0,"22":0,"23":0,"24":0,"25":0,"26":0,"27":0,"28":0,"29":0,"30":0,"31":0,"32":0,"33":0,"34":0,"35":0,"36":0,"37":0,"38":0,"39":0,"40":0,"41":0,"42":0,"43":0,"44":0,"45":0,"46":0,"47":0,"48":0,"49":0,"50":0,"51":0,"52":0,"53":0,"54":0,"55":0,"56":0,"57":0,"58":0,"59":0,"60":0,"61":0,"62":0,"63":0,"64":0,"65":0,"66":0,"67":0,"68":0,"69":0,"70":0,"71":0,"72":0,"73":0,"74":0,"75":0,"76":0,"77":0,"78":0,"79":0,"80":0,"81":0,"82":0,"83":0,"84":0,"85":0,"86":0,"87":0,"88":0,"89":0,"90":0,"91":0,"92":0,"93":0,"94":0,"95":0,"96":0,"97":0,"98":0,"99":0,"100":0,"101":0,"102":0,"103":0,"104":0,"105":0,"106":0,"107":0,"108":0,"109":0,"110":0,"111":0,"112":0,"113":0,"114":0,"115":0,"116":0,"117":0,"118":0,"119":0},"fnMap":{"1":{"name":"Neo4j","line":12,"loc":{"start":{"line":12,"column":0},"end":{"line":12,"column":26}}},"2":{"name":"(anonymous_2)","line":39,"loc":{"start":{"line":39,"column":29},"end":{"line":39,"column":61}}},"3":{"name":"(anonymous_3)","line":48,"loc":{"start":{"line":48,"column":8},"end":{"line":48,"column":24}}},"4":{"name":"(anonymous_4)","line":70,"loc":{"start":{"line":70,"column":45},"end":{"line":70,"column":64}}},"5":{"name":"(anonymous_5)","line":90,"loc":{"start":{"line":90,"column":29},"end":{"line":90,"column":56}}},"6":{"name":"(anonymous_6)","line":94,"loc":{"start":{"line":94,"column":7},"end":{"line":94,"column":23}}},"7":{"name":"(anonymous_7)","line":107,"loc":{"start":{"line":107,"column":29},"end":{"line":107,"column":56}}},"8":{"name":"(anonymous_8)","line":111,"loc":{"start":{"line":111,"column":7},"end":{"line":111,"column":23}}},"9":{"name":"(anonymous_9)","line":137,"loc":{"start":{"line":137,"column":53},"end":{"line":137,"column":92}}},"10":{"name":"(anonymous_10)","line":147,"loc":{"start":{"line":147,"column":38},"end":{"line":147,"column":58}}},"11":{"name":"(anonymous_11)","line":159,"loc":{"start":{"line":159,"column":27},"end":{"line":159,"column":55}}},"12":{"name":"(anonymous_12)","line":164,"loc":{"start":{"line":164,"column":7},"end":{"line":164,"column":24}}},"13":{"name":"(anonymous_13)","line":181,"loc":{"start":{"line":181,"column":22},"end":{"line":181,"column":61}}},"14":{"name":"(anonymous_14)","line":187,"loc":{"start":{"line":187,"column":7},"end":{"line":187,"column":24}}},"15":{"name":"(anonymous_15)","line":207,"loc":{"start":{"line":207,"column":33},"end":{"line":207,"column":72}}},"16":{"name":"(anonymous_16)","line":210,"loc":{"start":{"line":210,"column":38},"end":{"line":210,"column":57}}},"17":{"name":"(anonymous_17)","line":228,"loc":{"start":{"line":228,"column":53},"end":{"line":228,"column":149}}},"18":{"name":"(anonymous_18)","line":259,"loc":{"start":{"line":259,"column":58},"end":{"line":259,"column":77}}},"19":{"name":"(anonymous_19)","line":270,"loc":{"start":{"line":270,"column":37},"end":{"line":270,"column":123}}},"20":{"name":"(anonymous_20)","line":280,"loc":{"start":{"line":280,"column":7},"end":{"line":280,"column":24}}},"21":{"name":"(anonymous_21)","line":299,"loc":{"start":{"line":299,"column":37},"end":{"line":299,"column":73}}},"22":{"name":"(anonymous_22)","line":304,"loc":{"start":{"line":304,"column":7},"end":{"line":304,"column":24}}},"23":{"name":"(anonymous_23)","line":320,"loc":{"start":{"line":320,"column":35},"end":{"line":320,"column":71}}},"24":{"name":"(anonymous_24)","line":326,"loc":{"start":{"line":326,"column":7},"end":{"line":326,"column":24}}},"25":{"name":"(anonymous_25)","line":342,"loc":{"start":{"line":342,"column":37},"end":{"line":342,"column":92}}},"26":{"name":"(anonymous_26)","line":349,"loc":{"start":{"line":349,"column":7},"end":{"line":349,"column":24}}},"27":{"name":"(anonymous_27)","line":365,"loc":{"start":{"line":365,"column":30},"end":{"line":365,"column":56}}},"28":{"name":"(anonymous_28)","line":375,"loc":{"start":{"line":375,"column":7},"end":{"line":375,"column":24}}},"29":{"name":"(anonymous_29)","line":401,"loc":{"start":{"line":401,"column":35},"end":{"line":401,"column":75}}},"30":{"name":"(anonymous_30)","line":406,"loc":{"start":{"line":406,"column":8},"end":{"line":406,"column":24}}},"31":{"name":"(anonymous_31)","line":415,"loc":{"start":{"line":415,"column":34},"end":{"line":415,"column":60}}},"32":{"name":"(anonymous_32)","line":426,"loc":{"start":{"line":426,"column":42},"end":{"line":426,"column":68}}},"33":{"name":"(anonymous_33)","line":439,"loc":{"start":{"line":439,"column":30},"end":{"line":439,"column":56}}},"34":{"name":"(anonymous_34)","line":443,"loc":{"start":{"line":443,"column":7},"end":{"line":443,"column":24}}},"35":{"name":"(anonymous_35)","line":457,"loc":{"start":{"line":457,"column":34},"end":{"line":457,"column":60}}},"36":{"name":"(anonymous_36)","line":461,"loc":{"start":{"line":461,"column":42},"end":{"line":461,"column":68}}},"37":{"name":"(anonymous_37)","line":465,"loc":{"start":{"line":465,"column":35},"end":{"line":465,"column":75}}},"38":{"name":"(anonymous_38)","line":469,"loc":{"start":{"line":469,"column":6},"end":{"line":469,"column":23}}},"39":{"name":"listIndexes","line":483,"loc":{"start":{"line":483,"column":0},"end":{"line":483,"column":45}}},"40":{"name":"(anonymous_40)","line":487,"loc":{"start":{"line":487,"column":6},"end":{"line":487,"column":23}}},"41":{"name":"(anonymous_41)","line":502,"loc":{"start":{"line":502,"column":30},"end":{"line":502,"column":60}}},"42":{"name":"(anonymous_42)","line":508,"loc":{"start":{"line":508,"column":34},"end":{"line":508,"column":53}}},"43":{"name":"(anonymous_43)","line":513,"loc":{"start":{"line":513,"column":42},"end":{"line":513,"column":61}}},"44":{"name":"(anonymous_44)","line":524,"loc":{"start":{"line":524,"column":35},"end":{"line":524,"column":61}}},"45":{"name":"(anonymous_45)","line":531,"loc":{"start":{"line":531,"column":33},"end":{"line":531,"column":59}}},"46":{"name":"(anonymous_46)","line":542,"loc":{"start":{"line":542,"column":7},"end":{"line":542,"column":24}}},"47":{"name":"(anonymous_47)","line":556,"loc":{"start":{"line":556,"column":33},"end":{"line":556,"column":93}}},"48":{"name":"(anonymous_48)","line":566,"loc":{"start":{"line":566,"column":41},"end":{"line":566,"column":101}}},"49":{"name":"(anonymous_49)","line":586,"loc":{"start":{"line":586,"column":34},"end":{"line":586,"column":69}}},"50":{"name":"(anonymous_50)","line":602,"loc":{"start":{"line":602,"column":8},"end":{"line":602,"column":25}}},"51":{"name":"(anonymous_51)","line":634,"loc":{"start":{"line":634,"column":40},"end":{"line":634,"column":75}}},"52":{"name":"(anonymous_52)","line":649,"loc":{"start":{"line":649,"column":8},"end":{"line":649,"column":25}}},"53":{"name":"(anonymous_53)","line":679,"loc":{"start":{"line":679,"column":38},"end":{"line":679,"column":72}}},"54":{"name":"(anonymous_54)","line":690,"loc":{"start":{"line":690,"column":7},"end":{"line":690,"column":24}}},"55":{"name":"(anonymous_55)","line":713,"loc":{"start":{"line":713,"column":37},"end":{"line":713,"column":63}}},"56":{"name":"(anonymous_56)","line":724,"loc":{"start":{"line":724,"column":7},"end":{"line":724,"column":24}}},"57":{"name":"addIds","line":730,"loc":{"start":{"line":730,"column":7},"end":{"line":730,"column":25}}},"58":{"name":"(anonymous_58)","line":732,"loc":{"start":{"line":732,"column":21},"end":{"line":732,"column":36}}},"59":{"name":"sumUp","line":736,"loc":{"start":{"line":736,"column":7},"end":{"line":736,"column":34}}},"60":{"name":"(anonymous_60)","line":764,"loc":{"start":{"line":764,"column":51},"end":{"line":764,"column":90}}},"61":{"name":"(anonymous_61)","line":779,"loc":{"start":{"line":779,"column":8},"end":{"line":779,"column":25}}},"62":{"name":"addIds","line":785,"loc":{"start":{"line":785,"column":8},"end":{"line":785,"column":25}}},"63":{"name":"(anonymous_63)","line":787,"loc":{"start":{"line":787,"column":22},"end":{"line":787,"column":36}}},"64":{"name":"sumUp","line":791,"loc":{"start":{"line":791,"column":8},"end":{"line":791,"column":34}}},"65":{"name":"(anonymous_65)","line":810,"loc":{"start":{"line":810,"column":39},"end":{"line":810,"column":58}}},"66":{"name":"(anonymous_66)","line":825,"loc":{"start":{"line":825,"column":32},"end":{"line":825,"column":51}}},"67":{"name":"(anonymous_67)","line":829,"loc":{"start":{"line":829,"column":6},"end":{"line":829,"column":23}}},"68":{"name":"(anonymous_68)","line":854,"loc":{"start":{"line":854,"column":33},"end":{"line":854,"column":73}}},"69":{"name":"(anonymous_69)","line":867,"loc":{"start":{"line":867,"column":7},"end":{"line":867,"column":24}}},"70":{"name":"(anonymous_70)","line":892,"loc":{"start":{"line":892,"column":43},"end":{"line":892,"column":79}}},"71":{"name":"(anonymous_71)","line":903,"loc":{"start":{"line":903,"column":7},"end":{"line":903,"column":24}}},"72":{"name":"(anonymous_72)","line":930,"loc":{"start":{"line":930,"column":55},"end":{"line":930,"column":81}}},"73":{"name":"(anonymous_73)","line":940,"loc":{"start":{"line":940,"column":7},"end":{"line":940,"column":24}}},"74":{"name":"(anonymous_74)","line":967,"loc":{"start":{"line":967,"column":45},"end":{"line":967,"column":71}}},"75":{"name":"(anonymous_75)","line":977,"loc":{"start":{"line":977,"column":6},"end":{"line":977,"column":23}}},"76":{"name":"(anonymous_76)","line":1005,"loc":{"start":{"line":1005,"column":37},"end":{"line":1005,"column":56}}},"77":{"name":"(anonymous_77)","line":1009,"loc":{"start":{"line":1009,"column":6},"end":{"line":1009,"column":23}}},"78":{"name":"(anonymous_78)","line":1030,"loc":{"start":{"line":1030,"column":44},"end":{"line":1030,"column":84}}},"79":{"name":"(anonymous_79)","line":1041,"loc":{"start":{"line":1041,"column":7},"end":{"line":1041,"column":24}}},"80":{"name":"(anonymous_80)","line":1114,"loc":{"start":{"line":1114,"column":35},"end":{"line":1114,"column":66}}},"81":{"name":"(anonymous_81)","line":1124,"loc":{"start":{"line":1124,"column":7},"end":{"line":1124,"column":24}}},"82":{"name":"(anonymous_82)","line":1166,"loc":{"start":{"line":1166,"column":45},"end":{"line":1166,"column":91}}},"83":{"name":"(anonymous_83)","line":1179,"loc":{"start":{"line":1179,"column":7},"end":{"line":1179,"column":24}}},"84":{"name":"afterAddingTransactionId","line":1182,"loc":{"start":{"line":1182,"column":40},"end":{"line":1182,"column":85}}},"85":{"name":"(anonymous_85)","line":1217,"loc":{"start":{"line":1217,"column":42},"end":{"line":1217,"column":76}}},"86":{"name":"(anonymous_86)","line":1230,"loc":{"start":{"line":1230,"column":7},"end":{"line":1230,"column":24}}},"87":{"name":"(anonymous_87)","line":1273,"loc":{"start":{"line":1273,"column":36},"end":{"line":1273,"column":81}}},"88":{"name":"(anonymous_88)","line":1292,"loc":{"start":{"line":1292,"column":7},"end":{"line":1292,"column":24}}},"89":{"name":"(anonymous_89)","line":1318,"loc":{"start":{"line":1318,"column":38},"end":{"line":1318,"column":72}}},"90":{"name":"(anonymous_90)","line":1330,"loc":{"start":{"line":1330,"column":7},"end":{"line":1330,"column":24}}},"91":{"name":"(anonymous_91)","line":1402,"loc":{"start":{"line":1402,"column":44},"end":{"line":1402,"column":75}}},"92":{"name":"(anonymous_92)","line":1408,"loc":{"start":{"line":1408,"column":7},"end":{"line":1408,"column":24}}},"93":{"name":"(anonymous_93)","line":1426,"loc":{"start":{"line":1426,"column":40},"end":{"line":1426,"column":59}}},"94":{"name":"(anonymous_94)","line":1432,"loc":{"start":{"line":1432,"column":7},"end":{"line":1432,"column":24}}},"95":{"name":"(anonymous_95)","line":1445,"loc":{"start":{"line":1445,"column":30},"end":{"line":1445,"column":67}}},"96":{"name":"(anonymous_96)","line":1469,"loc":{"start":{"line":1469,"column":7},"end":{"line":1469,"column":24}}},"97":{"name":"(anonymous_97)","line":1485,"loc":{"start":{"line":1485,"column":47},"end":{"line":1485,"column":82}}},"98":{"name":"(anonymous_98)","line":1488,"loc":{"start":{"line":1488,"column":50},"end":{"line":1488,"column":78}}},"99":{"name":"(anonymous_99)","line":1491,"loc":{"start":{"line":1491,"column":50},"end":{"line":1491,"column":78}}},"100":{"name":"(anonymous_100)","line":1498,"loc":{"start":{"line":1498,"column":30},"end":{"line":1498,"column":79}}},"101":{"name":"(anonymous_101)","line":1521,"loc":{"start":{"line":1521,"column":7},"end":{"line":1521,"column":24}}},"102":{"name":"(anonymous_102)","line":1525,"loc":{"start":{"line":1525,"column":31},"end":{"line":1525,"column":62}}},"103":{"name":"addId","line":1527,"loc":{"start":{"line":1527,"column":8},"end":{"line":1527,"column":25}}},"104":{"name":"(anonymous_104)","line":1529,"loc":{"start":{"line":1529,"column":28},"end":{"line":1529,"column":43}}},"105":{"name":"sumUp","line":1533,"loc":{"start":{"line":1533,"column":8},"end":{"line":1533,"column":35}}},"106":{"name":"eachColumn","line":1543,"loc":{"start":{"line":1543,"column":7},"end":{"line":1543,"column":29}}},"107":{"name":"(anonymous_107)","line":1545,"loc":{"start":{"line":1545,"column":33},"end":{"line":1545,"column":56}}},"108":{"name":"sumUp","line":1549,"loc":{"start":{"line":1549,"column":7},"end":{"line":1549,"column":36}}},"109":{"name":"(anonymous_109)","line":1578,"loc":{"start":{"line":1578,"column":29},"end":{"line":1578,"column":55}}},"110":{"name":"(anonymous_110)","line":1586,"loc":{"start":{"line":1586,"column":7},"end":{"line":1586,"column":24}}},"111":{"name":"(anonymous_111)","line":1605,"loc":{"start":{"line":1605,"column":28},"end":{"line":1605,"column":53}}},"112":{"name":"(anonymous_112)","line":1616,"loc":{"start":{"line":1616,"column":35},"end":{"line":1616,"column":61}}},"113":{"name":"(anonymous_113)","line":1624,"loc":{"start":{"line":1624,"column":36},"end":{"line":1624,"column":69}}},"114":{"name":"(anonymous_114)","line":1639,"loc":{"start":{"line":1639,"column":44},"end":{"line":1639,"column":78}}},"115":{"name":"process_relationships","line":1642,"loc":{"start":{"line":1642,"column":2},"end":{"line":1642,"column":35}}},"116":{"name":"(anonymous_116)","line":1644,"loc":{"start":{"line":1644,"column":25},"end":{"line":1644,"column":48}}},"117":{"name":"sum_up","line":1648,"loc":{"start":{"line":1648,"column":2},"end":{"line":1648,"column":32}}},"118":{"name":"(anonymous_118)","line":1660,"loc":{"start":{"line":1660,"column":40},"end":{"line":1660,"column":70}}},"119":{"name":"(anonymous_119)","line":1673,"loc":{"start":{"line":1673,"column":40},"end":{"line":1673,"column":70}}}},"statementMap":{"1":{"start":{"line":3,"column":0},"end":{"line":8,"column":36}},"2":{"start":{"line":10,"column":0},"end":{"line":10,"column":23}},"3":{"start":{"line":12,"column":0},"end":{"line":24,"column":1}},"4":{"start":{"line":13,"column":1},"end":{"line":17,"column":2}},"5":{"start":{"line":14,"column":2},"end":{"line":14,"column":60}},"6":{"start":{"line":16,"column":2},"end":{"line":16,"column":37}},"7":{"start":{"line":19,"column":1},"end":{"line":23,"column":2}},"8":{"start":{"line":20,"column":2},"end":{"line":20,"column":66}},"9":{"start":{"line":22,"column":2},"end":{"line":22,"column":19}},"10":{"start":{"line":39,"column":0},"end":{"line":81,"column":2}},"11":{"start":{"line":40,"column":1},"end":{"line":40,"column":17}},"12":{"start":{"line":42,"column":1},"end":{"line":80,"column":2}},"13":{"start":{"line":43,"column":2},"end":{"line":43,"column":20}},"14":{"start":{"line":44,"column":2},"end":{"line":54,"column":6}},"15":{"start":{"line":49,"column":4},"end":{"line":53,"column":5}},"16":{"start":{"line":50,"column":5},"end":{"line":50,"column":43}},"17":{"start":{"line":52,"column":5},"end":{"line":52,"column":57}},"18":{"start":{"line":56,"column":2},"end":{"line":56,"column":28}},"19":{"start":{"line":58,"column":2},"end":{"line":60,"column":3}},"20":{"start":{"line":59,"column":3},"end":{"line":59,"column":38}},"21":{"start":{"line":63,"column":2},"end":{"line":65,"column":3}},"22":{"start":{"line":64,"column":3},"end":{"line":64,"column":21}},"23":{"start":{"line":68,"column":2},"end":{"line":79,"column":3}},"24":{"start":{"line":69,"column":3},"end":{"line":69,"column":81}},"25":{"start":{"line":70,"column":3},"end":{"line":76,"column":6}},"26":{"start":{"line":71,"column":4},"end":{"line":75,"column":5}},"27":{"start":{"line":72,"column":5},"end":{"line":72,"column":25}},"28":{"start":{"line":74,"column":5},"end":{"line":74,"column":32}},"29":{"start":{"line":78,"column":3},"end":{"line":78,"column":137}},"30":{"start":{"line":90,"column":0},"end":{"line":101,"column":2}},"31":{"start":{"line":91,"column":1},"end":{"line":100,"column":5}},"32":{"start":{"line":95,"column":3},"end":{"line":99,"column":4}},"33":{"start":{"line":96,"column":4},"end":{"line":96,"column":32}},"34":{"start":{"line":98,"column":4},"end":{"line":98,"column":51}},"35":{"start":{"line":107,"column":0},"end":{"line":126,"column":2}},"36":{"start":{"line":108,"column":1},"end":{"line":125,"column":5}},"37":{"start":{"line":112,"column":3},"end":{"line":124,"column":4}},"38":{"start":{"line":114,"column":5},"end":{"line":114,"column":26}},"39":{"start":{"line":115,"column":5},"end":{"line":115,"column":11}},"40":{"start":{"line":117,"column":5},"end":{"line":117,"column":27}},"41":{"start":{"line":118,"column":5},"end":{"line":118,"column":11}},"42":{"start":{"line":120,"column":5},"end":{"line":120,"column":27}},"43":{"start":{"line":121,"column":5},"end":{"line":121,"column":11}},"44":{"start":{"line":123,"column":5},"end":{"line":123,"column":103}},"45":{"start":{"line":137,"column":0},"end":{"line":154,"column":2}},"46":{"start":{"line":138,"column":2},"end":{"line":138,"column":47}},"47":{"start":{"line":139,"column":2},"end":{"line":139,"column":58}},"48":{"start":{"line":141,"column":2},"end":{"line":143,"column":3}},"49":{"start":{"line":142,"column":4},"end":{"line":142,"column":31}},"50":{"start":{"line":145,"column":2},"end":{"line":145,"column":45}},"51":{"start":{"line":147,"column":2},"end":{"line":153,"column":5}},"52":{"start":{"line":148,"column":2},"end":{"line":152,"column":3}},"53":{"start":{"line":149,"column":3},"end":{"line":149,"column":17}},"54":{"start":{"line":151,"column":3},"end":{"line":151,"column":31}},"55":{"start":{"line":159,"column":0},"end":{"line":176,"column":2}},"56":{"start":{"line":160,"column":1},"end":{"line":160,"column":17}},"57":{"start":{"line":161,"column":1},"end":{"line":175,"column":5}},"58":{"start":{"line":165,"column":3},"end":{"line":174,"column":4}},"59":{"start":{"line":167,"column":5},"end":{"line":167,"column":43}},"60":{"start":{"line":168,"column":5},"end":{"line":168,"column":11}},"61":{"start":{"line":170,"column":5},"end":{"line":170,"column":27}},"62":{"start":{"line":171,"column":5},"end":{"line":171,"column":11}},"63":{"start":{"line":173,"column":5},"end":{"line":173,"column":102}},"64":{"start":{"line":181,"column":0},"end":{"line":199,"column":2}},"65":{"start":{"line":182,"column":2},"end":{"line":182,"column":18}},"66":{"start":{"line":183,"column":2},"end":{"line":198,"column":7}},"67":{"start":{"line":188,"column":6},"end":{"line":197,"column":7}},"68":{"start":{"line":190,"column":10},"end":{"line":190,"column":31}},"69":{"start":{"line":191,"column":10},"end":{"line":191,"column":16}},"70":{"start":{"line":193,"column":10},"end":{"line":193,"column":32}},"71":{"start":{"line":194,"column":10},"end":{"line":194,"column":16}},"72":{"start":{"line":196,"column":10},"end":{"line":196,"column":98}},"73":{"start":{"line":201,"column":0},"end":{"line":201,"column":50}},"74":{"start":{"line":202,"column":0},"end":{"line":202,"column":45}},"75":{"start":{"line":207,"column":0},"end":{"line":217,"column":2}},"76":{"start":{"line":208,"column":2},"end":{"line":208,"column":93}},"77":{"start":{"line":209,"column":2},"end":{"line":209,"column":26}},"78":{"start":{"line":210,"column":2},"end":{"line":216,"column":5}},"79":{"start":{"line":211,"column":2},"end":{"line":215,"column":3}},"80":{"start":{"line":212,"column":3},"end":{"line":212,"column":17}},"81":{"start":{"line":214,"column":3},"end":{"line":214,"column":31}},"82":{"start":{"line":228,"column":0},"end":{"line":266,"column":2}},"83":{"start":{"line":229,"column":2},"end":{"line":229,"column":91}},"84":{"start":{"line":230,"column":2},"end":{"line":230,"column":39}},"85":{"start":{"line":231,"column":2},"end":{"line":231,"column":58}},"86":{"start":{"line":232,"column":2},"end":{"line":232,"column":13}},"87":{"start":{"line":234,"column":2},"end":{"line":243,"column":3}},"88":{"start":{"line":235,"column":4},"end":{"line":235,"column":32}},"89":{"start":{"line":236,"column":4},"end":{"line":236,"column":30}},"90":{"start":{"line":238,"column":4},"end":{"line":238,"column":53}},"91":{"start":{"line":239,"column":4},"end":{"line":242,"column":5}},"92":{"start":{"line":240,"column":6},"end":{"line":240,"column":36}},"93":{"start":{"line":241,"column":6},"end":{"line":241,"column":32}},"94":{"start":{"line":245,"column":2},"end":{"line":247,"column":3}},"95":{"start":{"line":246,"column":4},"end":{"line":246,"column":31}},"96":{"start":{"line":249,"column":2},"end":{"line":249,"column":44}},"97":{"start":{"line":251,"column":2},"end":{"line":253,"column":3}},"98":{"start":{"line":252,"column":4},"end":{"line":252,"column":33}},"99":{"start":{"line":255,"column":2},"end":{"line":257,"column":3}},"100":{"start":{"line":256,"column":4},"end":{"line":256,"column":28}},"101":{"start":{"line":259,"column":2},"end":{"line":265,"column":5}},"102":{"start":{"line":260,"column":2},"end":{"line":264,"column":3}},"103":{"start":{"line":261,"column":3},"end":{"line":261,"column":17}},"104":{"start":{"line":263,"column":3},"end":{"line":263,"column":28}},"105":{"start":{"line":270,"column":0},"end":{"line":295,"column":2}},"106":{"start":{"line":271,"column":1},"end":{"line":271,"column":17}},"107":{"start":{"line":272,"column":1},"end":{"line":294,"column":5}},"108":{"start":{"line":281,"column":3},"end":{"line":293,"column":4}},"109":{"start":{"line":283,"column":5},"end":{"line":283,"column":51}},"110":{"start":{"line":284,"column":5},"end":{"line":284,"column":11}},"111":{"start":{"line":286,"column":5},"end":{"line":286,"column":27}},"112":{"start":{"line":287,"column":5},"end":{"line":287,"column":11}},"113":{"start":{"line":289,"column":5},"end":{"line":289,"column":27}},"114":{"start":{"line":290,"column":5},"end":{"line":290,"column":11}},"115":{"start":{"line":292,"column":5},"end":{"line":292,"column":102}},"116":{"start":{"line":299,"column":0},"end":{"line":316,"column":2}},"117":{"start":{"line":300,"column":1},"end":{"line":300,"column":17}},"118":{"start":{"line":301,"column":1},"end":{"line":315,"column":5}},"119":{"start":{"line":305,"column":3},"end":{"line":314,"column":4}},"120":{"start":{"line":307,"column":5},"end":{"line":307,"column":26}},"121":{"start":{"line":308,"column":5},"end":{"line":308,"column":11}},"122":{"start":{"line":310,"column":5},"end":{"line":310,"column":27}},"123":{"start":{"line":311,"column":5},"end":{"line":311,"column":11}},"124":{"start":{"line":313,"column":5},"end":{"line":313,"column":101}},"125":{"start":{"line":320,"column":0},"end":{"line":338,"column":2}},"126":{"start":{"line":321,"column":1},"end":{"line":321,"column":17}},"127":{"start":{"line":323,"column":1},"end":{"line":337,"column":5}},"128":{"start":{"line":327,"column":3},"end":{"line":336,"column":4}},"129":{"start":{"line":329,"column":5},
[...]
{"start":{"line":104,"column":2},"end":{"line":114,"column":3}},"43":{"start":{"line":105,"column":4},"end":{"line":105,"column":24}},"44":{"start":{"line":106,"column":4},"end":{"line":109,"column":22}},"45":{"start":{"line":107,"column":6},"end":{"line":107,"column":23}},"46":{"start":{"line":109,"column":6},"end":{"line":109,"column":22}},"47":{"start":{"line":111,"column":4},"end":{"line":111,"column":63}},"48":{"start":{"line":113,"column":4},"end":{"line":113,"column":28}},"49":{"start":{"line":118,"column":2},"end":{"line":122,"column":4}},"50":{"start":{"line":129,"column":0},"end":{"line":138,"column":1}},"51":{"start":{"line":130,"column":2},"end":{"line":130,"column":15}},"52":{"start":{"line":131,"column":2},"end":{"line":133,"column":3}},"53":{"start":{"line":132,"column":4},"end":{"line":132,"column":23}},"54":{"start":{"line":134,"column":2},"end":{"line":136,"column":3}},"55":{"start":{"line":135,"column":4},"end":{"line":135,"column":26}},"56":{"start":{"line":137,"column":2},"end":{"line":137,"column":13}},"57":{"start":{"line":140,"column":0},"end":{"line":148,"column":1}},"58":{"start":{"line":141,"column":2},"end":{"line":141,"column":18}},"59":{"start":{"line":142,"column":2},"end":{"line":142,"column":23}},"60":{"start":{"line":143,"column":2},"end":{"line":146,"column":3}},"61":{"start":{"line":144,"column":4},"end":{"line":144,"column":53}},"62":{"start":{"line":144,"column":17},"end":{"line":144,"column":31}},"63":{"start":{"line":144,"column":37},"end":{"line":144,"column":53}},"64":{"start":{"line":145,"column":4},"end":{"line":145,"column":96}},"65":{"start":{"line":147,"column":2},"end":{"line":147,"column":16}}},"branchMap":{"1":{"line":22,"type":"if","locations":[{"start":{"line":22,"column":4},"end":{"line":22,"column":4}},{"start":{"line":22,"column":4},"end":{"line":22,"column":4}}]},"2":{"line":58,"type":"if","locations":[{"start":{"line":58,"column":5},"end":{"line":58,"column":5}},{"start":{"line":58,"column":5},"end":{"line":58,"column":5}}]},"3":{"line":92,"type":"if","locations":[{"start":{"line":92,"column":4},"end":{"line":92,"column":4}},{"start":{"line":92,"column":4},"end":{"line":92,"column":4}}]},"4":{"line":106,"type":"if","locations":[{"start":{"line":106,"column":4},"end":{"line":106,"column":4}},{"start":{"line":106,"column":4},"end":{"line":106,"column":4}}]},"5":{"line":131,"type":"if","locations":[{"start":{"line":131,"column":2},"end":{"line":131,"column":2}},{"start":{"line":131,"column":2},"end":{"line":131,"column":2}}]},"6":{"line":144,"type":"if","locations":[{"start":{"line":144,"column":4},"end":{"line":144,"column":4}},{"start":{"line":144,"column":4},"end":{"line":144,"column":4}}]}},"code":["'use strict';","","// Graph utils for cypher queries","exports.where = where;","exports.set = set;","exports.remove = remove;","exports.whereSetProperties = whereSetProperties;","exports.labels = labels;","exports.jsonToURL = jsonToURL;","","/*  Internal method","    Example:","    params('city', {name: 'Aalst', postalcode: 9300})","    returns city.name={name} appendToken city.postalcode={postalcode} */","","function append (fieldName, props, appendToken) {","  var params = '';","  var notFirst = false;","  fieldName += '.';","  for (var key in props) {","    var obj = props[key];","    if(notFirst)","      params += appendToken;","    else","      notFirst = true;","    params += fieldName + key + '={'+ key + '}';","  }","  return params;","}","","/*  Example:","    where('city', {name: 'Aalst', postalcode: 9300})","    returns city.name={name} AND city.postalcode={postalcode} */","","function where (fieldName, props) {","  return append(fieldName, props, ' AND ');","}","/*  Example:","    set('city', {name: 'Aalst', postalcode: 9300})","    returns city.name={name},city.postalcode={postalcode} */","","function set (fieldName, props) {","  return append(fieldName, props, ',');","}","","/*  Example:","    remove('city', ['name', 'postalcode'])","    returns city.name, city.postalcode */","","function remove (fieldName, props) {","  var removes = '',","    notFirst = false,","    i = props.length;","","  fieldName += '.';","","  while (i--) {    ","     if (notFirst) {","      removes += ',';","    } else {","      notFirst = true;","    }","    removes += fieldName + props[i];","  }","","  return removes;","}","","","// Create a `where` and `set` string and a new object with unique propertynames","// Example:","// whereSetProperties('user', {userid: 123, firstname: 'foo'}, { firstname: 'bar' })","// returns {","//   where: \"user.userid={xQ_1} AND user.firstname={xQ_2}\",","//   set: \"user.firstname={xQ_3}\",","//   props { xQ_1: 123, xQ_2: 'foo', xQ_2: 'bar'}","// }","","function whereSetProperties (fieldName, oldProps, newProps) {","  var prefix = 'xQ_',","    whereClause = '',","    setClause = '',","    notFirst = false,","    props = {},","    i = 0,","    obj;","  fieldName += '.';","","  // Build WHERE","  for (var k in oldProps) {","    obj = oldProps[k];","    if(notFirst)","      whereClause += ' AND ';","    else","      notFirst = true;","    whereClause += fieldName + k + '={' + prefix + (++i) + '}';","","    props[prefix + i] = obj;","  }","","  notFirst = false;","","  // Build SET","  for (var key in newProps) {","    obj = newProps[key];","    if(notFirst)","      setClause += ',';","    else","      notFirst = true;","    // Create unique placeholder {xx1} {xx2} ...","    setClause += fieldName + key + '={' + prefix + (++i) + '}';","    // Build new properties object","    props[prefix + i] = obj;","  }","","  // Return stringified `where` and `set` clause and a new object with unique property names","  // So there are no name collisions","  return {","    where: whereClause,","    set: setClause,","    properties: props","  };","}","","// Example:  ","//   labels(['User','Student'])","//   returns ':User:Student'","","function labels (array) {","  var res = '';","  if(typeof array === 'string') {","    return ':' + array;","  }    ","  for (var i = 0; i < array.length; i++) {","    res += ':' + array[i];","  }    ","  return res;","}","","function jsonToURL (jsonData) {","  var result = '';","  var notFirst = false;","  for(var key in jsonData){","    if(notFirst) result += '&'; else notFirst = true;","    result += encodeURIComponent(key) + '=' + encodeURIComponent(JSON.stringify(jsonData[key]));    ","  }","  return result;","}"],"l":{"4":1,"5":1,"6":1,"7":1,"8":1,"9":1,"16":1,"17":0,"18":0,"19":0,"20":0,"21":0,"22":0,"23":0,"25":0,"26":0,"28":0,"35":1,"36":0,"42":1,"43":0,"50":1,"51":0,"55":0,"57":0,"58":0,"59":0,"61":0,"63":0,"66":0,"79":1,"80":0,"87":0,"90":0,"91":0,"92":0,"93":0,"95":0,"96":0,"98":0,"101":0,"104":0,"105":0,"106":0,"107":0,"109":0,"111":0,"113":0,"118":0,"129":1,"130":0,"131":0,"132":0,"134":0,"135":0,"137":0,"140":1,"141":0,"142":0,"143":0,"144":0,"145":0,"147":0}},"/home/travis/build/npmtest/node-npmtest-node-neo4j/node_modules/node-neo4j/lib/utils/validator.js":{"path":"/home/travis/build/npmtest/node-npmtest-node-neo4j/node_modules/node-neo4j/lib/utils/validator.js","s":{"1":1,"2":0,"3":0,"4":0,"5":0,"6":0,"7":1,"8":0,"9":1,"10":0,"11":0,"12":0,"13":0,"14":0,"15":0,"16":0,"17":0,"18":0,"19":0,"20":0,"21":0,"22":0,"23":0,"24":0,"25":0,"26":0,"27":0,"28":0,"29":0,"30":0,"31":0,"32":0,"33":0,"34":1,"35":0,"36":0,"37":0,"38":1,"39":0,"40":1},"b":{"1":[0,0],"2":[0,0,0],"3":[0,0],"4":[0,0],"5":[0,0,0],"6":[0,0],"7":[0,0,0,0],"8":[0,0],"9":[0,0,0],"10":[0,0],"11":[0,0],"12":[0,0]},"f":{"1":0,"2":0,"3":0,"4":0,"5":0,"6":0,"7":0,"8":0,"9":0,"10":0},"fnMap":{"1":{"name":"Validator","line":3,"loc":{"start":{"line":3,"column":0},"end":{"line":3,"column":28}}},"2":{"name":"isPositiveInteger","line":13,"loc":{"start":{"line":13,"column":0},"end":{"line":13,"column":36}}},"3":{"name":"(anonymous_3)","line":18,"loc":{"start":{"line":18,"column":9},"end":{"line":18,"column":26}}},"4":{"name":"(anonymous_4)","line":24,"loc":{"start":{"line":24,"column":8},"end":{"line":24,"column":24}}},"5":{"name":"(anonymous_5)","line":32,"loc":{"start":{"line":32,"column":9},"end":{"line":32,"column":26}}},"6":{"name":"(anonymous_6)","line":38,"loc":{"start":{"line":38,"column":11},"end":{"line":38,"column":30}}},"7":{"name":"(anonymous_7)","line":45,"loc":{"start":{"line":45,"column":13},"end":{"line":45,"column":34}}},"8":{"name":"(anonymous_8)","line":52,"loc":{"start":{"line":52,"column":14},"end":{"line":52,"column":38}}},"9":{"name":"addError","line":61,"loc":{"start":{"line":61,"column":31},"end":{"line":61,"column":59}}},"10":{"name":"error","line":67,"loc":{"start":{"line":67,"column":28},"end":{"line":67,"column":45}}}},"statementMap":{"1":{"start":{"line":3,"column":0},"end":{"line":11,"column":1}},"2":{"start":{"line":4,"column":1},"end":{"line":10,"column":2}},"3":{"start":{"line":5,"column":2},"end":{"line":5,"column":23}},"4":{"start":{"line":6,"column":2},"end":{"line":6,"column":24}},"5":{"start":{"line":8,"column":2},"end":{"line":8,"column":19}},"6":{"start":{"line":9,"column":2},"end":{"line":9,"column":25}},"7":{"start":{"line":13,"column":0},"end":{"line":15,"column":1}},"8":{"start":{"line":14,"column":1},"end":{"line":14,"column":73}},"9":{"start":{"line":17,"column":0},"end":{"line":59,"column":2}},"10":{"start":{"line":19,"column":2},"end":{"line":19,"column":58}},"11":{"start":{"line":20,"column":2},"end":{"line":21,"column":15}},"12":{"start":{"line":21,"column":3},"end":{"line":21,"column":15}},"13":{"start":{"line":22,"column":2},"end":{"line":22,"column":33}},"14":{"start":{"line":25,"column":2},"end":{"line":25,"column":57}},"15":{"start":{"line":26,"column":2},"end":{"line":27,"column":15}},"16":{"start":{"line":27,"column":3},"end":{"line":27,"column":15}},"17":{"start":{"line":29,"column":2},"end":{"line":29,"column":33}},"18":{"start":{"line":33,"column":2},"end":{"line":33,"column":91}},"19":{"start":{"line":34,"column":2},"end":{"line":35,"column":15}},"20":{"start":{"line":35,"column":3},"end":{"line":35,"column":15}},"21":{"start":{"line":36,"column":2},"end":{"line":36,"column":33}},"22":{"start":{"line":39,"column":2},"end":{"line":39,"column":60}},"23":{"start":{"line":40,"column":2},"end":{"line":41,"column":15}},"24":{"start":{"line":41,"column":3},"end":{"line":41,"column":15}},"25":{"start":{"line":43,"column":2},"end":{"line":43,"column":33}},"26":{"start":{"line":46,"column":2},"end":{"line":46,"column":48}},"27":{"start":{"line":47,"column":2},"end":{"line":48,"column":15}},"28":{"start":{"line":48,"column":3},"end":{"line":48,"column":15}},"29":{"start":{"line":50,"column":2},"end":{"line":50,"column":33}},"30":{"start":{"line":53,"column":2},"end":{"line":53,"column":59}},"31":{"start":{"line":54,"column":2},"end":{"line":55,"column":15}},"32":{"start":{"line":55,"column":3},"end":{"line":55,"column":15}},"33":{"start":{"line":57,"column":2},"end":{"line":57,"column":33}},"34":{"start":{"line":61,"column":0},"end":{"line":65,"column":1}},"35":{"start":{"line":62,"column":1},"end":{"line":62,"column":23}},"36":{"start":{"line":63,"column":1},"end":{"line":63,"column":32}},"37":{"start":{"line":64,"column":1},"end":{"line":64,"column":13}},"38":{"start":{"line":67,"column":0},"end":{"line":69,"column":1}},"39":{"start":{"line":68,"column":1},"end":{"line":68,"column":31}},"40":{"start":{"line":71,"column":0},"end":{"line":71,"column":27}}},"branchMap":{"1":{"line":4,"type":"if","locations":[{"start":{"line":4,"column":1},"end":{"line":4,"column":1}},{"start":{"line":4,"column":1},"end":{"line":4,"column":1}}]},"2":{"line":14,"type":"binary-expr","locations":[{"start":{"line":14,"column":8},"end":{"line":14,"column":35}},{"start":{"line":14,"column":39},"end":{"line":14,"column":56}},{"start":{"line":14,"column":60},"end":{"line":14,"column":72}}]},"3":{"line":20,"type":"if","locations":[{"start":{"line":20,"column":2},"end":{"line":20,"column":2}},{"start":{"line":20,"column":2},"end":{"line":20,"column":2}}]},"4":{"line":26,"type":"if","locations":[{"start":{"line":26,"column":2},"end":{"line":26,"column":2}},{"start":{"line":26,"column":2},"end":{"line":26,"column":2}}]},"5":{"line":26,"type":"binary-expr","locations":[{"start":{"line":26,"column":5},"end":{"line":26,"column":10}},{"start":{"line":26,"column":14},"end":{"line":26,"column":39}},{"start":{"line":26,"column":43},"end":{"line":26,"column":55}}]},"6":{"line":34,"type":"if","locations":[{"start":{"line":34,"column":2},"end":{"line":34,"column":2}},{"start":{"line":34,"column":2},"end":{"line":34,"column":2}}]},"7":{"line":34,"type":"binary-expr","locations":[{"start":{"line":34,"column":5},"end":{"line":34,"column":11}},{"start":{"line":34,"column":17},"end":{"line":34,"column":43}},{"start":{"line":34,"column":47},"end":{"line":34,"column":60}},{"start":{"line":34,"column":65},"end":{"line":34,"column":88}}]},"8":{"line":40,"type":"if","locations":[{"start":{"line":40,"column":2},"end":{"line":40,"column":2}},{"start":{"line":40,"column":2},"end":{"line":40,"column":2}}]},"9":{"line":40,"type":"binary-expr","locations":[{"start":{"line":40,"column":5},"end":{"line":40,"column":13}},{"start":{"line":40,"column":17},"end":{"line":40,"column":45}},{"start":{"line":40,"column":49},"end":{"line":40,"column":64}}]},"10":{"line":47,"type":"if","locations":[{"start":{"line":47,"column":2},"end":{"line":47,"column":2}},{"start":{"line":47,"column":2},"end":{"line":47,"column":2}}]},"11":{"line":47,"type":"binary-expr","locations":[{"start":{"line":47,"column":5},"end":{"line":47,"column":15}},{"start":{"line":47,"column":19},"end":{"line":47,"column":49}}]},"12":{"line":54,"type":"if","locations":[{"start":{"line":54,"column":2},"end":{"line":54,"column":2}},{"start":{"line":54,"column":2},"end":{"line":54,"column":2}}]}},"code":["'use strict';","","function Validator (errors) {\t","\tif(errors) {","\t\tthis.errors = errors;","\t\tthis.hasErrors = true;","\t} else {","\t\tthis.errors = '';","\t\tthis.hasErrors = false;","\t}","}","","function isPositiveInteger(integer) {","\treturn typeof integer === 'number' && integer % 1 === 0 && integer >= 0;","}","","Validator.prototype = {","\tnodeId: function(nodeId) {","\t\tvar errorMsg = '\"nodeId\" should be a positive integer.';","\t\tif(isPositiveInteger(nodeId))","\t\t\treturn this;","\t\treturn this.addError(errorMsg);","\t},","\tlabel: function(label) {","\t\tvar errorMsg = '\"Label\" should be a non-empty string.';","\t\tif(label && typeof label === 'string' && label !== '')","\t\t\treturn this;","","\t\treturn this.addError(errorMsg);","\t},","\t// \"Labels\" should be a non-empty string or an array of non-empty strings.","\tlabels: function(labels) {","\t\tvar errorMsg = '\"Labels\" should be a non-empty string or an array of non-empty strings.';","\t\tif(labels && ((typeof labels === 'string' && labels !== '') || labels instanceof Array))","\t\t\treturn this;","\t\treturn this.addError(errorMsg);\t\t","\t},\t","\tproperty: function(property) {","\t\tvar errorMsg = '\"property\" should be a non-empty string.';","\t\tif(property && typeof property === 'string' && property !== '')","\t\t\treturn this;","","\t\treturn this.addError(errorMsg);","\t},","\tproperties: function(properties) {","\t\tvar errorMsg = '\"properties\" should be json.';","\t\tif(properties && typeof properties === 'object')","\t\t\treturn this;","","\t\treturn this.addError(errorMsg);","\t},","\ttransaction: function(transactionId) {","\t\tvar errorMsg = '\"transactionId\" should be a an integer.';","\t\tif(isPositiveInteger(transactionId))","\t\t\treturn this;","","\t\treturn this.addError(errorMsg);","\t}","};","","Validator.prototype.addError = function addError(errorMsg) {","\tthis.hasErrors = true;","\tthis.errors += errorMsg + '\\n';","\treturn this;","}","","Validator.prototype.error = function error() {\t","\treturn new Error(this.errors);","}","","module.exports = Validator;"],"l":{"3":1,"4":0,"5":0,"6":0,"8":0,"9":0,"13":1,"14":0,"17":1,"19":0,"20":0,"21":0,"22":0,"25":0,"26":0,"27":0,"29":0,"33":0,"34":0,"35":0,"36":0,"39":0,"40":0,"41":0,"43":0,"46":0,"47":0,"48":0,"50":0,"53":0,"54":0,"55":0,"57":0,"61":1,"62":0,"63":0,"64":0,"67":1,"68":0,"71":1}},"/home/travis/build/npmtest/node-npmtest-node-neo4j/node_modules/node-neo4j/lib/utils/parser.js":{"path":"/home/travis/build/npmtest/node-npmtest-node-neo4j/node_modules/node-neo4j/lib/utils/parser.js","s":{"1":1,"2":1,"3":1,"4":0,"5":1,"6":0},"b":{},"f":{"1":0,"2":0},"fnMap":{"1":{"name":"getNodeId","line":11,"loc":{"start":{"line":11,"column":0},"end":{"line":11,"column":25}}},"2":{"name":"getRelationshipId","line":21,"loc":{"start":{"line":21,"column":0},"end":{"line":21,"column":33}}}},"statementMap":{"1":{"start":{"line":3,"column":0},"end":{"line":3,"column":30}},"2":{"start":{"line":4,"column":0},"end":{"line":4,"column":46}},"3":{"start":{"line":11,"column":0},"end":{"line":13,"column":1}},"4":{"start":{"line":12,"column":2},"end":{"line":12,"column":79}},"5":{"start":{"line":21,"column":0},"end":{"line":23,"column":1}},"6":{"start":{"line":22,"column":2},"end":{"line":22,"column":87}}},"branchMap":{},"code":["'use strict';","","exports.getNodeId = getNodeId;","exports.getRelationshipId = getRelationshipId;","","/* Internal method","   Example:","   http://db5.sb01.stations.graphenedb.com:24789/db/data/node/7","   will return 7 as an integer */","","function getNodeId (url) {","  return parseInt(url.match(/\\/db\\/data\\/node\\/([0-9]+)(\\/[0-9a-z\\/]+)?$/)[1]);","}","","","/* Internal method","   Example:","   http://db5.sb01.stations.graphenedb.com:24789/db/data/relationship/7","   will return 7 as an integer */","","function getRelationshipId (url) {","  return parseInt(url.match(/\\/db\\/data\\/relationship\\/([0-9]+)(\\/[0-9a-z\\/]+)?$/)[1]);","}"],"l":{"3":1,"4":1,"11":1,"12":0,"21":1,"22":0}},"/home/travis/build/npmtest/node-npmtest-node-neo4j/node_modules/node-neo4j/Gruntfile.js":{"path":"/home/travis/build/npmtest/node-npmtest-node-neo4j/node_modules/node-neo4j/Gruntfile.js","s":{"1":1,"2":0,"3":0,"4":0,"5":0},"b":{},"f":{"1":0},"fnMap":{"1":{"name":"(anonymous_1)","line":4,"loc":{"start":{"line":4,"column":17},"end":{"line":4,"column":33}}}},"statementMap":{"1":{"start":{"line":4,"column":0},"end":{"line":49,"column":2}},"2":{"start":{"line":7,"column":4},"end":{"line":39,"column":7}},"3":{"start":{"line":42,"column":4},"end":{"line":42,"column":47}},"4":{"start":{"line":45,"column":4},"end":{"line":45,"column":55}},"5":{"start":{"line":48,"column":4},"end":{"line":48,"column":52}}},"branchMap":{},"code":["'use strict';","","/*global module:false*/","module.exports = function(grunt) {","","    // Project configuration.","    grunt.initConfig({","        jshint: {","            'node-neo4j': ['*.js', 'Grunfile.js', 'lib/*.js', 'test/**/*.js'],","            options: {","                node: true,","                curly: true,","                eqeqeq: true,","                immed: true,","                newcap: true,","                noarg: true,","                sub: true,","                undef: true,","                unused: false,","                boss: true,","                eqnull: true,","                devel: true,","                trailing: true,","                white:  false,","                maxcomplexity: 6,","                multistr: true,","                strict: 0,","                globals   : {","                    /* MOCHA */","                    describe   : false,","                    it         : false,","                    before     : false,","                    beforeEach : false,","                    after      : false,","                    afterEach  : false","                }","            }","        }","    });","","    // Load plugins","    grunt.loadNpmTasks('grunt-contrib-jshint');","","    // Default task.","    grunt.registerTask('default', 'jshint:node-neo4j');","","    // Linting task.","    grunt.registerTask('lint', 'jshint:node-neo4j');","};",""],"l":{"4":1,"7":0,"42":0,"45":0,"48":0}}}